[727628]
[0,4,1,5,9,6,10,7][31.5]
[0,4,1,5,9,6,10,7][31.5]
[0,4,1,5,9,6,10,7,11][36]
[0,4,1,5,2][18]
[0,4,1,5,9,6,10][27]
[0,4,1,5,9][18]
[0,4,1,5][13.5]
[0,4,1,5,9,6,10][27]
[0,4,1,5,9,6,10,7,11][36]
[0,4,1,5,9,6,10][27]
[0,4,1,5,9,6][22.5]
[0,4,1,5,9][18]
[0,4,1,5,9,6,10,7,11][36]
[0,4,1,5,9][18]
[0,4,1,5,9,6][22.5]
[0,4,1,5,9,6,10][27]
[727670]
[0,4,1,5,2,6,3,7,11][36]
[727194]
[11,7][4.5]
[11,7,10,6,9,5,8,4,0][36]
[11,7,10,6,9,5,8][27]
[11,7,10,6,9,5,2][27]
[11,7,10][9]
[11,7,10,6,9][18]
[11,7,10,6,9,5,8,4][31.5]
[11,7,10,6,9,5,8,4,1][36]
[725132]
[0,4,1,5,2,6,3,7,11][36]
[0,4,1][9]
[724982]
[0,4,8,5,9,6,10,7,11][36]
[0,4,8,5,9,6,3][27]
[0,4,1][9]
[0,4,8,5][13.5]
[0,4,8,5,9,6,10,7,11][36]
[0,4,8,5,9,6,10][27]
[0,4,8,5][13.5]
[0,4,8,5,9][18]
[0,4,1][9]
[0,4,8,5,9,6,3][27]
[0,4,8][9]
[0,4,8,5,9,6][22.5]
[0,4,8,5,9,6,10][27]
[0,4,8,5,9,6,10,7,11][36]
[0,4,8,5,9,6][22.5]
[0,4,8,5,9,6,10,7,11][36]
[0,4,8][9]
[0,4,8,5][13.5]
[0,4,8,5][13.5]
[0,4,8,5][13.5]
[0,4,8,5,2][18]
[0,4,8,5][13.5]
[727478]
[0,4,1,5,2,6][22.5]
[0,4,1,5,2,6,3,7,11][36]
[0,4,1][9]
[725414]
[11,7][4.5]
[11,7,3,6,2][18]
[11,7,3,6,2,5,1,4,0][36]
[11,7,3,6][13.5]
[11,7,3,6,2,5,1,4,8][36]
[11,7,3,6,10][18]
[11,7][4.5]
[11,7,3,6,10][18]
[11,7,3,6][13.5]
[11,7,3,6,2,5,1][27]
[11,7,3,6,2,5,9][27]
[11,7,3,6,10][18]
[11,7,3,6,2,5,1,4][31.5]
[11,7,3,6,2,5][22.5]
[11,7,3,6,2,5][22.5]
[11,7,3][9]
[726752]
[11,7,3,6,2,5,1,4,0][36]
[726432]
[0][0]
[0,4,1,5,2,6,3,7][31.5]
[726179]
[4,1,5,2,6,3,7,11][31.5]
[726333]
[4,8,5,2,6,3,7,11][31.5]
[4,8,5,2,6][18]
[4,8,5,2,6][18]
[4,8][4.5]
[4,8][4.5]
[726728]
[11,7,3,6,2,5,1,4][31.5]
[726750]
[11,7,3,6,2,5,1,4][31.5]
[726692]
[8,5,2,6,3,7,11][27]
[726891]
[7,3,6,2,5,1,4][27]
[7,3][4.5]
[727304]
[0,4,1,5,2,6,10][27]
[727508]
[1,5,2,6][13.5]
[1,5,2,6,3,7,11][27]
[727520]
[0,4,1][9]
[0,4,1,5,2,6,3][27]
[0][0]
[0,4][4.5]
[725843]
[4,1,5,9][13.5]
[4,1,5,9,6,3][22.5]
[4,1,5,9,6,10][22.5]
[4,1,5,2][13.5]
[4,1][4.5]
[4,1,5,2][13.5]
[4,1,5,9,6,3][22.5]
[4,1,5,2][13.5]
[4,1,5,9,6,3][22.5]
[4,1,5,9,6,10,7][27]
[4,1,5,2][13.5]
[4][0]
[4,1,5][9]
[4,0][4.5]
[4,1,5,9,6][18]
[4,1,5,9,6,3][22.5]
[725879]
[0,4,1,5,2,6,3][27]
[727306]
[10,6,2,5,1,4,0][27]
[725366]
[11,7,3,6,2,5,1][27]
[726035]
[11,7,3,6,2,5,1][27]
[11,7,3,6,2][18]
[727310]
[0,4,1,5,2,6,3][27]
[726884]
[7,3,6,2,5,1,4][27]
[727386]
[0,4,1,5,2,6,10][27]
[727384]
[3,6,2,5,1,4,0][27]
[726726]
[11,7,3,6,2,5,1][27]
[726710]
[10,6,2,5,1,4,0][27]
[727356]
[3,6,2,5,1,4,0][27]
[3][0]
[3,6,2,5,1,4,0][27]
[726245]
[3,6,10,7][13.5]
[3,6,9,5,2][18]
[3,6,9,5,8,4,0][27]
[3,6][4.5]
[3,6,9,5,8][18]
[3,6,10][9]
[3,6,10,7][13.5]
[3,6,10][9]
[3,6][4.5]
[3,6,9,5,8,4,1][27]
[3,6,9][9]
[3,6,10][9]
[3,6,9,5,8,4][22.5]
[3,6,9,5][13.5]
[3,6,9,5][13.5]
[3][0]
[727338]
[0,4,1,5,2,6,3][27]
[725579]
[0,4,1,5,2,6,10][27]
[727016]
[0,4,1,5,2,6,10][27]
[0,4,1,5,2,6,10][27]
[727720]
[7][0]
[7,3,6,9,5,1,4][27]
[7,3][4.5]
[7,3][4.5]
[7,3,6,9,5,1][22.5]
[7,3,6,9][13.5]
[7,3,6,9,5][18]
[7,3,6,9,5,1][22.5]
[727704]
[7,3,6,2,5,1,4][27]
[7,3,6][9]
[7,3,6,2,5,1,4][27]
[7,3,6,2,5,1,4][27]
[726590]
[1,5,2,6,3,7,11][27]
[726966]
[11,7,3,6,2][18]
[11,7,3,6,2,5][22.5]
[11,7,3,6,2,5][22.5]
[11,7,3,6,2,5,8][27]
[11,7,3,6,9][18]
[726578]
[3,6,2,5,1,4,0][27]
[727684]
[10,6,2,5,1,4,0][27]
[725585]
[11,7,3,6,2,5,8][27]
[725126]
[1,5,2,6,3,7,11][27]
[1,5,2,6,3][18]
[726624]
[10,6,2,5,1,4,0][27]
[725615]
[7,3,6,2,5,1,4][27]
[724960]
[11][0]
[11,7,10,6,3][18]
[11,7,10,6,9,5,1][27]
[11,7,10,6,9,5][22.5]
[11][0]
[11,7,10][9]
[11,7,10,6,9,5][22.5]
[11,7,10,6,9][18]
[11,7,10,6,9,5,1][27]
[11,7,10,6,3][18]
[11,7,10,6,9,5,8][27]
[11,7,10,6][13.5]
[11,7,10][9]
[11][0]
[11,7,10,6][13.5]
[11][0]
[11,7,10,6,9,5,8][27]
[11,7,10,6,9,5][22.5]
[11,7,10,6,9,5][22.5]
[11,7,10,6,9,5][22.5]
[11,7,10,6,9,5,2][27]
[726920]
[11,7][4.5]
[11,7,3,6,9][18]
[11,7,3,6][13.5]
[11,7,3,6,9,5,1][27]
[11,7,3,6,9,5][22.5]
[11,7,3][9]
[11,7,3,6,9,5][22.5]
[11,7][4.5]
[11,7,3,6,9,5,8][27]
[11][0]
[11][0]
[11,7,3,6,9,5,1][27]
[726471]
[10,6,9,5][13.5]
[10,6][4.5]
[10,7][4.5]
[10,6,9][9]
[10,6][4.5]
[10,6,9,5,1][18]
[10,6][4.5]
[10,6,9,5,1,4,0][27]
[10,7,11][9]
[10,6,9,5,1,4,0][27]
[10,6,9][9]
[10,7][4.5]
[10,7,11][9]
[10,6,3][9]
[10,7,11][9]
[10,6,9,5,1][18]
[10,6,9][9]
[10,6,9,5][13.5]
[10,6,9,5,1,4][22.5]
[10,6,9,5][13.5]
[10,6,9,5,1][18]
[10,6,9][9]
[10,6,9,5,1,4,0][27]
[10,6,9,5][13.5]
[724906]
[0][0]
[0,4,1,5][13.5]
[0,4,1,5,2,6][22.5]
[0,4][4.5]
[0,4,1,5,2,6][22.5]
[0,4,1,5,2][18]
[0,4,1,5,2,6,10][27]
[0,4,1,5,2,6][22.5]
[0,4,1][9]
[724916]
[3,6,2,5,1,4,0][27]
[3,6][4.5]
[3,6][4.5]
[3,6,2,5,1,4][22.5]
[3,6][4.5]
[3,6,2][9]
[3,6,10][9]
[3,6,10,7][13.5]
[726870]
[6,2,5,1,4,0][22.5]
[726344]
[5,1][4.5]
[5,1][4.5]
[5,2,6,3,7,11][22.5]
[5,2,6,3,7][18]
[726353]
[2,5][4.5]
[2,5,1,4,0][18]
[2,5,1,4][13.5]
[2,5,1][9]
[2][0]
[2,5,9,6][13.5]
[2,5,9][9]
[2,5,9,6,3][18]
[2,5][4.5]
[2,5,1,4][13.5]
[2,5,9,6,10][18]
[2][0]
[2,5,9,6][13.5]
[2,5,9,6,3][18]
[2,5,9,6][13.5]
[2,5,9,6,10][18]
[2,5,9][9]
[2,5][4.5]
[2,5,1][9]
[2][0]
[2,5,9,6,10,7][22.5]
[2,5,9,6][13.5]
[2,5,9,6,10,7][22.5]
[2,5,9,6,3][18]
[726622]
[10,6,2,5,1,4][22.5]
[727040]
[6,2,5,8,4,0][22.5]
[6,2,5,8][13.5]
[726612]
[11,7,3,6,2,5][22.5]
[726972]
[11,7,3,6,2,5][22.5]
[11,7,3][9]
[11,7,3,6,2,5][22.5]
[11,7,3,6][13.5]
[726411]
[4,1,5,2,6,3][22.5]
[4,1,5,2,6,10][22.5]
[726576]
[3,6,2,5,1,4][22.5]
[726956]
[1,5,2,6,3][18]
[1,5,2,6,3,7][22.5]
[727232]
[5,9][4.5]
[5,2][4.5]
[5,9,6,10,7][18]
[5,9,6,10][13.5]
[5,8,4,0][13.5]
[5][0]
[5,9,6,3][13.5]
[5,8,4][9]
[5,8][4.5]
[5,8,4,0][13.5]
[5,9,6,10][13.5]
[5][0]
[5,9,6,3][13.5]
[5,9][4.5]
[5,9,6,10,7][18]
[5,9,6,3][13.5]
[5][0]
[5,8,4,0][13.5]
[5,2][4.5]
[5,9][4.5]
[5,8,4,0][13.5]
[5,9,6,10,7,11][22.5]
[5,8,4][9]
[5,9,6,10,7][18]
[5,9][4.5]
[5,8,4][9]
[5,9][4.5]
[5,8,4,0][13.5]
[5,9,6,10][13.5]
[5,2][4.5]
[5,8,4,0][13.5]
[5,8,4][9]
[726459]
[4,1,5,2,6,3][22.5]
[726852]
[1,5,2,6,3,7][22.5]
[725378]
[0,4,1,5,2,6][22.5]
[0,4,1,5][13.5]
[725474]
[8,5,2,6,3,7][22.5]
[727738]
[3,6,2,5,1,4][22.5]
[725486]
[8,5,2,6,3,7][22.5]
[725180]
[0,4][4.5]
[0][0]
[0,4,8][9]
[0,4,8,5,2,6][22.5]
[727680]
[11,7,3,6,2,5][22.5]
[727672]
[4,1,5,2,6,10][22.5]
[725114]
[6,10][4.5]
[6,2,5,1,4,0][22.5]
[726782]
[5,2,6,3,7,11][22.5]
[726754]
[11,7,3,6,2,5][22.5]
[724925]
[3,6,9][9]
[3,6,2,5,1,4][22.5]
[3,6,2][9]
[3,6,10][9]
[3,6][4.5]
[3,6][4.5]
[3,6,2][9]
[726854]
[4,1,5,2,6,10][22.5]
[725837]
[8,5,2,6,3,7][22.5]
[727500]
[6,2,5,1,4,0][22.5]
[726734]
[11,7,3,6,2,5][22.5]
[727488]
[7,3,6,2,5,8][22.5]
[726047]
[6,2,5,1][13.5]
[6,2,5,1,4][18]
[6,2,5,1,4,0][22.5]
[6,3][4.5]
[726071]
[4,1,5,2,6,10][22.5]
[726173]
[5,2,6,3,7,11][22.5]
[727344]
[4,1,5,2,6,3][22.5]
[726706]
[6,2,5,1,4,0][22.5]
[726694]
[8,5,2,6,3,7][22.5]
[726660]
[1,5,2,6,10][18]
[726828]
[5,2,6,3,7][18]
[726666]
[1,5,2,6,10][18]
[727742]
[10,6,2,5,1][18]
[726820]
[2,6,3,7,11][18]
[711885]
[11,10,9,8,4,5,6][9.5]
[11,10,9,8,4,5,6,7,3,2,1][17]
[11,10,9,8,4,5][8.5]
[11,10,9,8,4,5,6,7][10.5]
[11,10,9,8,4][7.5]
[11,10,9][2]
[11,10,9,8,4,5][8.5]
[11,10,9,8,4,5,6,7][10.5]
[11,10,9,8,4,5,6,7,3,2,1,0][18]
[11,10,9,8,4,5][8.5]
[11][0]
[11,10,9,8,4,5,6,7,3][15]
[11,10,9,8,4,5][8.5]
[11,10,9][2]
[11,10,9,8][3]
[11][0]
[11,10,9,8,4,5,6,7,3,2][16]
[11,10,9,8,4,5,6][9.5]
[11,10,9,8,4,5,6,7][10.5]
[11,10,9,8,4,5,6,7,3,2,1,0][18]
[11,10,9,8,4,5,6][9.5]
[11,10,9,8,4,5,6,7][10.5]
[11,10][1]
[11,10,9,8,4,5,6,7,3,2,1][17]
[11,10][1]
[11,10,9,8,4,5,6][9.5]
[11,10,9,8,4,5,6][9.5]
[11,10,9,8,4,5][8.5]
[11,10,9,8,4,5,6][9.5]
[11,10,9,8,4,5,6,7,3][15]
[11,10,9,8,4,5,6,7][10.5]
[11,10,9,8,4,5,6,7][10.5]
[726668]
[1,5,2,6,10][18]
[726674]
[3,6,2,5,8][18]
[726704]
[6,2,5,1,4][18]
[726297]
[9,6,3,7,11][18]
[725375]
[10,6,2,5,1][18]
[10,6,2,5,1][18]
[725258]
[0,4][4.5]
[0,4,8,5,9][18]
[0,4,8][9]
[725189]
[11,7,3,6,9][18]
[724946]
[3,6,2,5,1][18]
[3,6][4.5]
[3,6,10][9]
[3,6,2,5,8][18]
[724940]
[3,6,2,5,1][18]
[3,6,2][9]
[3,6,10][9]
[3,6][4.5]
[3,6,2,5,1][18]
[725705]
[9,6,3,7,11][18]
[725711]
[9,5,1,4,0][18]
[725807]
[3,6,2,5,8][18]
[725825]
[3][0]
[3,6,2,5,8][18]
[726005]
[0,4,1][9]
[0,4,1,5,2][18]
[0,4,1,5,2][18]
[726023]
[2,6,3,7,11][18]
[726212]
[9,6,3,7,11][18]
[9,5][4.5]
[9,5][4.5]
[9,5,8][9]
[9,6,3][9]
[726233]
[11,7,3,6,2][18]
[726279]
[1,5,2,6,3][18]
[726654]
[9,6,3,7,11][18]
[726318]
[9,6][4.5]
[9,6][4.5]
[9,5,8][9]
[9,6,10][9]
[9,5,8,4,1][18]
[9,6][4.5]
[9,5,8,4,0][18]
[726326]
[10,6][4.5]
[10,6][4.5]
[10,6][4.5]
[10,6,2][9]
[10,6,2,5,8][18]
[10,6][4.5]
[726408]
[0,4,1,5,9][18]
[0,4][4.5]
[726414]
[1,5,2,6,3][18]
[1,5,2][9]
[726420]
[6,2,5,1,4][18]
[6,3][4.5]
[726429]
[9,6,3,7][13.5]
[9,5,1,4,0][18]
[726499]
[0,4,1,5,9][18]
[708964]
[11,10,9,8,4,5,6,7,3,2,1][17]
[11,10,9,8,4,5][8.5]
[11,10,9][2]
[11][0]
[11,10,9,8,4,5,6,7,3][15]
[11,10,9,8,4,5,6][9.5]
[11,10,9,8,4,5,6,7,3,2,1,0][18]
[11][0]
[11,10][1]
[11,10,9,8,4,5,6,7,3,2,1][17]
[11,10,9,8,4,5,6,7,3,2,1,0][18]
[11,10,9][2]
[11,10,9][2]
[11,10,9,8,4,5,6,7,3,2][16]
[11,10][1]
[11,10,9,8,4,5,6,7,3,2,1,0][18]
[11,10,9,8,4,5][8.5]
[11,10][1]
[11,10,9,8,4,5,6,7][10.5]
[11,10,9][2]
[11,10,9][2]
[11,10,9,8,4,5,6][9.5]
[11,10,9,8,4][7.5]
[11,10,9,8][3]
[11,10,9,8,4,5][8.5]
[11,10,9,8,4,5,6][9.5]
[11,10][1]
[11,10,9,8,4,5,6,7,3,2,1,0][18]
[11,10,9,8,4,5][8.5]
[11,10][1]
[11,10,9,8][3]
[11,10,9][2]
[11,10,9,8,4,5][8.5]
[11,10][1]
[11,10,9,8,4,5,6,7,3,2,1][17]
[11,10,9,8,4,5,6,7,3,2][16]
[11,10,9,8][3]
[11,10][1]
[11,10][1]
[11,10,9,8,4,5,6,7,3,2][16]
[11,10,9,8][3]
[726570]
[3,6,2,5,1][18]
[726580]
[3,6,2,5,8][18]
[726584]
[1,5,2,6,3][18]
[726616]
[11,7,3,6,2][18]
[726632]
[5,2,6,3,7][18]
[726646]
[9,5,1,4,0][18]
[726830]
[11,7,3,6,9][18]
[727180]
[2][0]
[2,5,1,4,0][18]
[2,5][4.5]
[2,5,1][9]
[2,6,3,7,11][18]
[2,6,3,7][13.5]
[2,5,1,4][13.5]
[2,5][4.5]
[727318]
[0][0]
[0,4,1,5,2][18]
[0,4,1,5,2][18]
[727348]
[0][0]
[0,4,1,5,2][18]
[727028]
[11][0]
[11,7,3,6,2][18]
[727378]
[11,7,3,6,9][18]
[726894]
[9,5,1,4,0][18]
[9,6,10][9]
[9,5,1][9]
[9,5,1][9]
[9,5,2][9]
[9,5,2][9]
[9,5,2][9]
[9,5,1,4][13.5]
[726868]
[5,2,6,3,7][18]
[727390]
[2,5,1,4,0][18]
[727490]
[3,6,2,5,1][18]
[727610]
[8,5,2,6,10][18]
[8,5,2,6][13.5]
[727686]
[9,5,1,4,0][18]
[9,5,1,4][13.5]
[727714]
[4,1,5,2,6][18]
[726834]
[0,4,1,5,9][18]
[707289]
[10,9][1]
[10,9,8,4,5][7.5]
[10][0]
[10,9,8][2]
[10,9,8,4,5,6,7,3,2,1][16]
[10,9,8,4,5,6,7,3][14]
[10,11][1]
[10,9,8][2]
[10,11][1]
[10,9][1]
[10,9,8,4,5,6,7,3][14]
[10,9,8,4,5,6,7,3,2][15]
[10,9,8,4,5,6,7,3,2,1,0][17]
[10][0]
[10,9][1]
[10,9,8,4,5,6,7][9.5]
[10,9,8,4,5,6][8.5]
[10,9,8,4,5,6,7,3,2][15]
[10,9,8,4][6.5]
[10,9,8,4,5,6,7,3][14]
[10,9,8,4,5,6,7,3][14]
[10,9,8,4,5,6,7][9.5]
[10,9,8,4,5,6,7,3][14]
[10,9,8,4,5,6][8.5]
[10,9,8,4,5,6][8.5]
[10,9,8,4,5,6,7][9.5]
[10,9,8,4][6.5]
[10,9][1]
[10,9][1]
[10,9,8,4,5,6,7][9.5]
[10,9,8,4,5,6,7][9.5]
[10,9,8,4,5][7.5]
[713607]
[11,10,9,8,4,5,6,3,2][15]
[11,10][1]
[11,10,9,8][3]
[11,10,9,8,4][7.5]
[11,10,9,8,4,5,6,3,2,1][16]
[11,10,9,8,4,5,6,3,2,1,0][17]
[11,10][1]
[11][0]
[11,10,9][2]
[11,10,9,8][3]
[11][0]
[11,10,9,8,4,5,6,3][14]
[11,10,9,8,4,5,6,3,2][15]
[11,10,9,8,4,5,6][9.5]
[11,10,9,8,4][7.5]
[11,10,9,8,4][7.5]
[11,10,9,8,4,5][8.5]
[11,10,9,8,4,5,6,3,2][15]
[11][0]
[11,10,9,8,4,5][8.5]
[11,10][1]
[11,10,9,8,4,5,6,7][10.5]
[11,10,9,8,4,5,6,3][14]
[714510]
[10,9,8,4][6.5]
[10,9,8,4,5,6,3,2,1][15]
[10,9,8,4,5,6,3,2,1,0][16]
[10][0]
[10,9,8,4,5,6,3,2,1][15]
[10,9,8,4,5,6,3,2][14]
[10,11][1]
[10,9,8,4,5,6,7][9.5]
[10,9,8,4,5,6,3][13]
[10,9,8][2]
[10,9,8,4,5][7.5]
[10,9,8,4,5,6,3,2][14]
[10,9][1]
[10,9,8,4,5,6,3,2,1][15]
[10][0]
[10][0]
[10,9,8,4,5,6,7][9.5]
[10,9,8,4,5][7.5]
[10,9,8,4,5,6,3,2,1][15]
[10,9,8,4,5,6][8.5]
[10,9,8,4][6.5]
[10,9,8,4][6.5]
[10,9,8,4,5,6,7][9.5]
[10,9,8,4,5,6,3,2,1][15]
[10,9,8,4,5,6,3,2,1,0][16]
[10,9,8][2]
[10,11][1]
[10][0]
[10,9,8,4,5,6,7][9.5]
[10,9,8,4,5,6,3,2,1][15]
[10,9,8,4,5,6,3,2,1][15]
[10,11][1]
[712937]
[1,0][1]
[1,2,3,6,5,4][8.5]
[1,2,3,6,5,4][8.5]
[1][0]
[1,2,3][2]
[1,0][1]
[1,2,3,6][6.5]
[1,2,3,6,5,4,8,9,10,11][16]
[1,2,3,6,5,4][8.5]
[1,2][1]
[1,2,3,6,5][7.5]
[1][0]
[1,2,3,6,5,4,8,9][14]
[1,2][1]
[1,0][1]
[1,2,3,6,5][7.5]
[1,2,3,6,5,4][8.5]
[1,2,3][2]
[1,0][1]
[1,2,3][2]
[1,2,3,6,7][7.5]
[1,2,3][2]
[1,2,3,6,5,4,8,9,10,11][16]
[1][0]
[1,2][1]
[1,2,3,6][6.5]
[1,2,3,6,5,4,8,9,10][15]
[1,2,3,6,5,4,8][13]
[1,2,3,6,5,4,8][13]
[1,0][1]
[1,2,3,6,5][7.5]
[1,2,3,6,5,4,8,9,10][15]
[1,2,3,6,5,4,8,9,10][15]
[1,2,3,6,5][7.5]
[1,2,3,6][6.5]
[1,2,3,6][6.5]
[1,2,3,6][6.5]
[1,2,3,6,7][7.5]
[1,2,3,6,5,4][8.5]
[1,2,3,6,5,4][8.5]
[1,2,3,6,5][7.5]
[1,2,3,6,7][7.5]
[1,2,3,6,5,4,8][13]
[1,2,3,6,5,4,8,9][14]
[1,2,3,6][6.5]
[1,2][1]
[1,2,3,6,5,4][8.5]
[1,2,3,6,5][7.5]
[1,2,3,6,5,4,8,9][14]
[1][0]
[1][0]
[1,2,3,6,7][7.5]
[1,0][1]
[1,2,3,6][6.5]
[1,2,3,6,5,4,8][13]
[1,2,3,6,7][7.5]
[1][0]
[1,2,3,6,5][7.5]
[1,2,3][2]
[1,2,3,6,5][7.5]
[1,2,3,6,5,4,8,9][14]
[1,2,3,6,5,4,8,9,10][15]
[1,2,3,6,7][7.5]
[707595]
[2,3,7,6,5,4,8][13]
[2,1][1]
[2,3][1]
[2][0]
[2,3,7,6,5,4][8.5]
[2,3,7,6,5][7.5]
[2,3][1]
[2,3,7,6,5,4,8][13]
[2,3,7,6,5,4,8][13]
[2][0]
[2,3,7,6,5,4,8,9,10][15]
[2,3,7,6,5][7.5]
[2,3,7,6][6.5]
[2][0]
[2,3,7][5.5]
[2][0]
[2,1,0][2]
[2,1,0][2]
[2,3,7,6][6.5]
[2,1][1]
[2,1,0][2]
[2,3,7,6][6.5]
[2,1][1]
[2][0]
[2,3,7,6][6.5]
[2,3,7,6,5,4,8,9][14]
[2,3][1]
[2,3,7,6,5,4,8,9,10,11][16]
[2,1][1]
[2,3,7,6,5,4,8,9,10][15]
[2][0]
[2,3,7,6,5,4,8][13]
[714745]
[11,10,9,8,4,0,1,2,3][15]
[11,10,9,8,4,0,1][13]
[11,10,9,8,4,0,1,2,3][15]
[11,10,9,8][3]
[11][0]
[11,10,9,8,4,0,1][13]
[11,10,9,8,4][7.5]
[707774]
[3,7,6,5,4,8][12]
[3,7,6,5,4,8,9][13]
[3,7,6,5,4,8,9,10][14]
[3,2,1,0][3]
[3,7,6,5,4,8,9][13]
[3,7,6,5][6.5]
[3,2,1][2]
[3,7][4.5]
[3,7,6,5,4,8,9,10,11][15]
[3,2][1]
[3][0]
[3,2,1][2]
[3,7][4.5]
[3,7,6,5,4,8,9,10,11][15]
[3,7,6,5,4,8,9][13]
[3,7,6,5,4,8,9,10,11][15]
[3,7,6,5,4,8,9][13]
[3,7,6,5,4,8,9][13]
[3,7,6,5,4][7.5]
[3,2,1,0][3]
[3,7,6][5.5]
[3,7][4.5]
[3,2,1][2]
[3,7,6,5,4,8,9,10][14]
[3,2,1][2]
[3,7,6,5,4,8,9,10,11][15]
[3,7,6,5,4,8,9][13]
[3,2][1]
[3,7,6][5.5]
[3,7,6][5.5]
[3,2,1][2]
[3,7,6,5][6.5]
[3,2][1]
[3,2][1]
[3,7,6,5,4,8,9,10,11][15]
[3,2][1]
[3,2,1][2]
[3][0]
[3,7,6][5.5]
[717408]
[3,2,1,0,4,5,9,10][14]
[3,2,1,0][3]
[3,2][1]
[3,2,1,0,4,5][8.5]
[3,2,1,0,4][7.5]
[3,2,1,0,4,5,9,10,11][15]
[3][0]
[3][0]
[3,2,1,0,4,5,9][13]
[3,2,1,0,4,5][8.5]
[721940]
[3,2,1,0,4,5,6,7][10.5]
[3,2][1]
[3,2,1,0,4,8,9,10][14]
[3,2,1,0,4,5][8.5]
[3,2,1][2]
[3,2,1,0,4,5][8.5]
[3][0]
[3,2,1,0,4,5][8.5]
[3,2,1,0,4,5][8.5]
[3,2,1,0,4,5,6,7][10.5]
[3,2,1,0,4,5][8.5]
[3,2,1,0,4,5,6][9.5]
[3,2,1,0,4,5,6][9.5]
[3,2,1,0,4,5][8.5]
[3,2,1,0,4,8,9][13]
[3,2,1,0,4,8,9,10][14]
[3,2,1,0,4,5,6,7][10.5]
[3,2][1]
[3,2][1]
[3,2,1,0,4,5,6,7][10.5]
[3,2,1,0,4,8][12]
[3,2,1,0,4,8,9][13]
[3,2,1,0][3]
[3,2,1,0,4,8,9][13]
[3,2,1][2]
[3,2,1,0,4,5,6][9.5]
[3,2,1,0,4,5,6][9.5]
[3,2,1,0,4,5,6,7][10.5]
[3,2,1,0,4,8][12]
[3,2,1,0,4][7.5]
[3][0]
[3,2,1,0,4,5,6][9.5]
[3,2,1,0,4,5][8.5]
[3,2,1,0,4,8,9,10,11][15]
[3,2,1,0,4,5,6,7][10.5]
[3,2,1,0,4][7.5]
[3,2,1,0,4,8][12]
[3,2][1]
[3,2][1]
[3,2,1,0,4,8][12]
[3,2,1,0,4,5][8.5]
[3][0]
[3][0]
[3][0]
[3,2,1,0,4][7.5]
[3,2,1,0,4,5,6][9.5]
[3,2,1,0,4,8,9][13]
[3,2,1][2]
[3,2,1,0,4,5,6][9.5]
[3,2,1,0,4,8,9,10,11][15]
[3,2,1,0,4,8][12]
[3,2,1,0][3]
[3,2,1,0,4,5,6][9.5]
[3,2,1,0][3]
[3,2][1]
[3,2,1,0][3]
[3,2,1,0,4,5,6,7][10.5]
[3,2,1,0,4,8,9,10,11][15]
[3,2,1,0,4,5,6,7][10.5]
[3,2,1][2]
[3,2][1]
[3,2,1,0,4,8][12]
[3,2,1,0,4,5,6,7][10.5]
[3,2,1,0][3]
[3,2,1][2]
[3,2,1,0,4,8][12]
[3,2,1,0][3]
[3,2,1,0,4,8,9][13]
[3,2,1,0,4,8][12]
[3,2,1,0][3]
[3,2,1][2]
[3][0]
[3,2,1,0][3]
[3,2,1,0,4,5,6,7][10.5]
[3,2,1,0,4,8,9,10][14]
[3,2,1,0,4,8][12]
[3,2][1]
[3,2,1,0,4,5,6][9.5]
[3,2][1]
[3,2,1,0,4,8,9][13]
[3,2,1,0,4,8][12]
[3,2,1,0,4,8,9,10][14]
[3,2,1,0,4,5][8.5]
[3,2,1,0,4,8][12]
[3,2,1,0,4,5][8.5]
[3][0]
[3,2,1,0,4,8,9,10,11][15]
[3,2,1,0,4,8,9,10,11][15]
[3,2,1,0,4,8,9,10][14]
[3,2,1,0,4,5,6][9.5]
[3,2,1,0,4,5,6,7][10.5]
[3][0]
[3,2,1,0,4][7.5]
[3,2,1][2]
[3,2,1,0,4,5][8.5]
[3,2,1,0,4,8,9,10][14]
[3,2,1,0,4,5,6][9.5]
[3,2,1,0,4,8,9,10,11][15]
[3,2,1,0,4,8][12]
[3,2,1,0,4,5,6][9.5]
[717804]
[11,10,9][2]
[11,10,9,8,4][7.5]
[11,10,9,8,4,5,6,7][10.5]
[11,10,9,8,4,0][12]
[11][0]
[11,10,9,8,4,5,6,7][10.5]
[11,10,9,8,4,5,6,7][10.5]
[11,10,9,8][3]
[11,10,9,8,4,0][12]
[11,10,9,8,4,0,1,2][14]
[11,10,9,8,4,0,1][13]
[11,10,9,8][3]
[11,10,9,8,4,0][12]
[11,10,9][2]
[11,10,9,8][3]
[11,10,9,8,4,0,1][13]
[11][0]
[11,10,9,8,4,0][12]
[11,10,9,8,4,5,6,7][10.5]
[11,10,9,8][3]
[11][0]
[11,10,9][2]
[11,10,9,8,4][7.5]
[11,10,9,8,4,5,6,7][10.5]
[11,10,9,8,4,5][8.5]
[11,10,9,8,4,0,1][13]
[11,10,9,8,4][7.5]
[11,10,9,8,4,5,6][9.5]
[11,10,9,8,4,5][8.5]
[11,10][1]
[11,10][1]
[11,10,9,8,4,5,6,7][10.5]
[11,10,9,8,4,5,6,7][10.5]
[11,10,9,8,4][7.5]
[11,10][1]
[11,10,9,8,4,0,1,2,3][15]
[11,10,9,8,4,5][8.5]
[709597]
[8,4,5,6,7,3][12]
[8,4,5,6][6.5]
[8,4,5][5.5]
[8,9,10][2]
[8,9,10][2]
[8,4,5,6,7,3,2,1,0][15]
[8][0]
[8,4][4.5]
[8,4,5,6,7,3,2,1,0][15]
[8,4,5,6][6.5]
[8][0]
[8,9,10][2]
[8,4,5,6,7,3,2,1][14]
[8][0]
[8,4,5,6,7,3,2,1][14]
[8,9,10,11][3]
[8][0]
[8,4,5,6,7,3,2,1,0][15]
[8,9,10,11][3]
[8,4,5,6,7,3,2,1,0][15]
[8,4,5,6,7][7.5]
[8,4,5,6][6.5]
[8,4,5,6,7,3,2][13]
[8,4,5,6][6.5]
[8,4,5,6,7,3,2,1,0][15]
[8,9,10,11][3]
[8,4,5,6,7,3,2,1][14]
[8,4,5,6,7,3,2,1,0][15]
[8,9][1]
[8,4,5,6,7][7.5]
[8,4,5,6,7,3,2,1,0][15]
[8,4,5,6,7,3,2,1][14]
[8,4,5,6,7,3,2,1,0][15]
[8,9,10,11][3]
[8,4,5,6,7,3,2][13]
[8,9][1]
[8,4,5,6,7][7.5]
[712222]
[8,4,5,6,7,3,2][13]
[8,4,5,6,7][7.5]
[8,4,5,6,7,3][12]
[8][0]
[8][0]
[8,4,5,6,7,3][12]
[8,4,5][5.5]
[8,4,5,6,7,3,2,1][14]
[8,4,5,6,7,3][12]
[8,9][1]
[8,4,5,6][6.5]
[8,4,5,6,7,3,2][13]
[8,4,5,6,7,3][12]
[8,4,5][5.5]
[8,9][1]
[8,4,5,6,7,3,2,1][14]
[8,4,5,6,7,3,2,1][14]
[8][0]
[8,4,5,6,7,3,2][13]
[8,4,5,6][6.5]
[8][0]
[8,4,5,6,7,3,2][13]
[8,4,5][5.5]
[8,9,10][2]
[8,4][4.5]
[8,4,5,6,7,3,2,1,0][15]
[8,4][4.5]
[8,9,10,11][3]
[8,4,5,6,7][7.5]
[8,9,10][2]
[8,4,5,6,7,3,2][13]
[8,9,10,11][3]
[8,4,5,6,7,3,2][13]
[8,4,5][5.5]
[8,9,10][2]
[8][0]
[8,4,5,6,7,3,2,1,0][15]
[708811]
[8,4,5,6,7,3,2,1][14]
[8,4,5][5.5]
[8,9][1]
[8,9,10,11][3]
[8,4,5,6,7,3][12]
[8,4,5,6][6.5]
[8,4,5,6,7,3,2,1,0][15]
[8,9,10,11][3]
[8,9,10][2]
[8,4,5,6,7,3,2,1][14]
[8,4,5,6,7,3,2,1,0][15]
[8,9][1]
[8][0]
[8,9][1]
[8,4,5,6,7,3,2][13]
[8,9,10][2]
[8,4,5,6,7,3,2,1,0][15]
[8,4,5][5.5]
[8,9,10][2]
[8,4,5,6,7][7.5]
[8,9][1]
[8,9][1]
[8,4,5,6][6.5]
[8,4][4.5]
[8][0]
[8,4,5][5.5]
[8,4,5,6][6.5]
[8,9,10][2]
[8,4,5,6,7,3,2,1,0][15]
[8,9][1]
[8,4,5][5.5]
[8,4,5][5.5]
[8,9,10][2]
[8,9,10][2]
[8,4,5,6,7,3,2,1][14]
[8,4,5,6,7,3,2][13]
[8][0]
[8,9,10][2]
[8,9,10][2]
[8][0]
[8,4,5,6,7,3,2][13]
[714847]
[3,2,1,0,4,8,9,10,11][15]
[3,2,1,0,4,5,6,7][10.5]
[3,2,1,0,4,8,9,10][14]
[3,2,1,0,4,8][12]
[3][0]
[3,2,1,0,4,5][8.5]
[3][0]
[3,2,1,0,4][7.5]
[3,2,1,0,4,8,9,10,11][15]
[3,2,1,0,4,8,9][13]
[3,2,1,0,4,5,6][9.5]
[3,2,1,0,4,5,6,7][10.5]
[3,2,1,0,4,8,9,10][14]
[3,2,1,0,4,8,9,10][14]
[3,2,1][2]
[3,2,1,0,4][7.5]
[3,2,1,0,4][7.5]
[3,2,1,0,4,5,6,7][10.5]
[3][0]
[3][0]
[3,2][1]
[3,2][1]
[3,2,1,0][3]
[3,2,1,0][3]
[3][0]
[3,2,1,0,4,8,9,10][14]
[3,2][1]
[3][0]
[3,2,1,0,4,8,9][13]
[3,2,1,0,4,5][8.5]
[3,2,1,0,4,5][8.5]
[3,2][1]
[3,2,1,0][3]
[3][0]
[3,2,1,0,4,8,9,10][14]
[3,2][1]
[3,2,1,0,4,8,9,10][14]
[713342]
[2,3,6,5][6.5]
[2,3,6,5][6.5]
[2,3,6,5,4,8,9,10][14]
[2,3,6,5,4,8,9][13]
[2,3,6,5,4,8,9,10][14]
[2,1][1]
[2][0]
[2,1][1]
[2,1,0][2]
[2,1][1]
[2,3,6,5,4,8,9][13]
[2][0]
[2,3,6,5,4,8][12]
[2,1][1]
[2,3,6][5.5]
[2,3,6,5,4,8,9][13]
[2,3,6][5.5]
[2,3,6,5,4,8,9,10,11][15]
[2][0]
[2,1][1]
[2,3,6,5,4][7.5]
[2,3][1]
[2,3,6][5.5]
[2][0]
[2,3,6][5.5]
[2][0]
[2,3,6,7][6.5]
[2,1,0][2]
[2,3,6,7][6.5]
[2,3,6,5,4,8][12]
[2][0]
[2,3,6,5,4,8,9,10][14]
[2,3][1]
[2,3,6,5,4,8,9,10][14]
[2,3,6,7][6.5]
[2,3,6,5,4][7.5]
[2,3,6,5,4,8,9][13]
[2,3,6,5,4,8,9][13]
[2,3,6][5.5]
[2,3,6][5.5]
[2,3,6,5,4,8,9][13]
[2,1,0][2]
[2,3,6,7][6.5]
[2,3,6][5.5]
[2,3,6,5,4,8,9][13]
[2,1][1]
[2,3,6,7][6.5]
[2,1,0][2]
[2,3,6,5,4][7.5]
[2,3,6,5][6.5]
[2][0]
[2,3,6,5][6.5]
[2,3,6][5.5]
[2,3,6,5,4][7.5]
[2,3,6,5,4][7.5]
[2,3,6,5][6.5]
[2,1][1]
[2,3,6,5,4,8][12]
[711958]
[0,1,2,3,7,6,5][9.5]
[0,1][1]
[0,1,2,3,7,6,9][13]
[0,1,2,3,7,6,9,8][14]
[711176]
[0,1,2,3,7,10,9,8][14]
[707465]
[0,1,2,3,7,10,9,8][14]
[716686]
[3,2,1,0,4][7.5]
[3,2,1,0,4,5][8.5]
[3,2,1][2]
[3,2,1,0,4][7.5]
[3,2,1,0][3]
[3,2,1,0][3]
[3,2][1]
[3,2,1,0,4,5,6][9.5]
[3,2,1,0,4][7.5]
[3,2,1,0,4,5][8.5]
[3,2,1,0][3]
[3,2,1,0,4,5,6][9.5]
[3,2][1]
[3,2,1,0][3]
[3,2,1,0,4,5,6][9.5]
[3,2,1,0,4,5,6][9.5]
[3,2,1,0,4,8,9][13]
[3,2,1,0,4,8,9][13]
[3,2,1,0,4,5][8.5]
[3,2,1,0,4,8,9,10][14]
[3,2,1,0,4,5,6][9.5]
[3,2,1,0,4][7.5]
[3,2,1,0,4,8,9,10][14]
[3,2][1]
[3,2,1,0,4,8,9][13]
[3,2,1,0,4,5][8.5]
[3,2,1,0,4,5][8.5]
[3,2][1]
[3,2,1,0,4,8,9][13]
[3,2,1,0,4,5,6][9.5]
[3,2,1,0,4,5,6,7][10.5]
[3,2,1,0][3]
[3,2,1,0,4,8][12]
[3,2,1,0,4,5,6,7][10.5]
[3,2,1,0,4,8][12]
[3][0]
[3][0]
[3,2,1,0,4][7.5]
[3,2,1,0,4,5,6,7][10.5]
[3,2,1,0,4,8,9,10][14]
[3,2,1][2]
[711158]
[0,1,2,3,7,10,9,8][14]
[716958]
[10,9,5][5.5]
[10,9,5,4,0,1][12]
[10,9][1]
[10,9,5,4,0,1,2][13]
[10,9,5,6,7][7.5]
[10,9][1]
[10,9,5,4,0,1,2][13]
[10,9][1]
[10,9,5,4,0,1,2,3][14]
[10,9][1]
[10,11][1]
[10,9,5,6][6.5]
[10,9,5,4,0,1][12]
[10,9,5,4,0][11]
[10,9,5,4][6.5]
[10][0]
[10][0]
[10,9,5,6][6.5]
[10,9,5,4,0,1,2,3][14]
[10][0]
[10,9,5][5.5]
[10][0]
[10,9,5,4,0,1,2][13]
[10,11][1]
[10][0]
[10,9,5,4][6.5]
[10,9,5,4,0,1,2][13]
[10,11][1]
[10,9,5,6,7][7.5]
[10,9,5,4,0,1,2,3][14]
[10,9][1]
[10,9,5,4][6.5]
[712643]
[8,9,10,7,3,2,1,0][14]
[710525]
[8,9,10,7,3,2,1,0][14]
[712322]
[8,9,10,7,3,2,1,0][14]
[712364]
[0,1,2,3,7,10,9,8][14]
[709875]
[8,9,10,7,3,2,1,0][14]
[709845]
[8,9,10,7,3,2,1,0][14]
[712749]
[8,9,10,7,3,2,1,0][14]
[708669]
[0,1][1]
[0,1,2,3,7][7.5]
[0,1,2,3,7,10,11][13]
[0,1,2,3][3]
[0,1,2,3,7,10,11][13]
[0,1,2,3,7,10,11][13]
[0,1,2,3,7,6,5,4][10.5]
[0,1,2,3,7][7.5]
[0,1,2,3,7,10,11][13]
[0,1,2,3][3]
[0,1,2,3,7,6][8.5]
[0,1,2,3,7,10,11][13]
[0,1,2,3,7,10,11][13]
[0,1,2,3,7,10,9,8][14]
[0,1,2,3,7,10,9][13]
[0,1,2,3,7,10,9][13]
[0,1,2,3,7,10][12]
[0,1,2,3][3]
[0,1,2,3,7][7.5]
[0,1,2,3,7,10][12]
[0,1,2,3,7,6,5][9.5]
[0,1,2,3,7,10,9,8][14]
[0][0]
[0,1,2,3,7,10,11][13]
[0,1,2,3,7,10][12]
[0,1,2,3,7,10,9][13]
[0,1,2,3,7,10][12]
[0,1,2,3,7,10,9][13]
[0,1,2,3,7][7.5]
[0,1,2,3,7,6,5][9.5]
[709709]
[8,9,10,7,3,2,1,0][14]
[709699]
[0,1,2,3,7,10,9,8][14]
[714783]
[0,1,2,3,6][7.5]
[0,1,2][2]
[0,1,2,3,6,5][8.5]
[0,1,2,3][3]
[0,1,2,3,6][7.5]
[0,1,2][2]
[0,1,2,3,6,9][12]
[0,1,2,3,6,9,10,11][14]
[0,1][1]
[0,1,2,3,6,9,8][13]
[708794]
[8,9,10,7,3,2,1,0][14]
[8,9,10,7,3,2,1,0][14]
[709461]
[9,8,5,4][6.5]
[9,8][1]
[9,8,5,6,7,3,2,1][14]
[709503]
[9,5,6,7,3][11]
[9][0]
[9,5,6,7,3,2,1,0][14]
[9,5,6,7,3][11]
[9,5,4][5.5]
[9,5,6,7,3,2,1][13]
[712641]
[8,9,10,7,3,2,1,0][14]
[711943]
[0,1][1]
[0,1,2,3,7,6,5,8][14]
[0,1,2,3,7,6,5][9.5]
[0,1,2,3,7,6,5][9.5]
[707059]
[9,5,4][5.5]
[9,5,6,7,3,2,1,0][14]
[711780]
[8,9,10,7,3,2,1,0][14]
[711583]
[0,1,2,3,7,10,9,8][14]
[713236]
[0][0]
[0][0]
[0,1,2,3,6,5][8.5]
[0][0]
[0,1,2,3,6,9,8][13]
[0,1][1]
[0,1][1]
[0,1,2,3,6,9,10,11][14]
[724367]
[2,1,0,4,8,9,10][13]
[2,1,0,4,8,9,10,11][14]
[2,1,0,4,5,6,7][9.5]
[2,1,0,4,8,9][12]
[2,3][1]
[2,1,0,4][6.5]
[2,1,0][2]
[2,1,0,4,8,9,10,11][14]
[2,1,0,4,5,6,7][9.5]
[2,1,0,4,8][11]
[2,1,0,4,8,9,10,11][14]
[2,1,0,4,8,9][12]
[2,1][1]
[2,1,0,4,8,9,10][13]
[2,3][1]
[2,1,0,4,8,9][12]
[2][0]
[2,1,0,4][6.5]
[2,1,0,4,8][11]
[2,1,0,4,8,9,10][13]
[2,1][1]
[2,1,0,4,8,9][12]
[2][0]
[2,1,0,4,5,6][8.5]
[2,1,0,4,8][11]
[2,1,0,4,8,9,10,11][14]
[2,1,0,4,5][7.5]
[2][0]
[2,1,0,4,8,9][12]
[2,1,0,4,5][7.5]
[2,3][1]
[2,1,0,4,5,6][8.5]
[711539]
[0,1,2,3,7,10,9,8][14]
[0,1,2,3,7][7.5]
[723202]
[2,1,0,4,8,9,10,11][14]
[2,1,0][2]
[2,1,0,4,8][11]
[714199]
[11,10,9,6,3,2,1][13]
[11,10,9][2]
[11,10,9,6,3,2,1,0][14]
[711535]
[0,1,2,3,7,10,11][13]
[0,1,2,3,7,6][8.5]
[0,1,2,3,7,10,9,8][14]
[711531]
[0,1,2,3,7,10,9,8][14]
[0,1,2,3,7,10][12]
[0,1,2,3,7,10][12]
[711992]
[0,1,2,3,7,10,9,8][14]
[0,1,2,3,7,10][12]
[713001]
[11,10,9,6,5][7.5]
[11,10,9,6,3,2,1][13]
[11,10,9,6,3,2,1,0][14]
[11,10,9,6,5,4][8.5]
[11][0]
[11,10][1]
[11,10,9,6,3,2][12]
[11,10,9][2]
[11,10,9,6,3,2][12]
[11,10,9,6,3,2,1,0][14]
[11,10,9,6,5][7.5]
[11,10,9,6,5,4][8.5]
[11,10,9,6,3][11]
[11,10,9,6,3,2,1,0][14]
[11,10,9,6,3][11]
[11,10,9,6,7][7.5]
[11,10,9,6,3,2,1][13]
[11,10,9,6,3,2,1,0][14]
[11,10,9,6,5,4][8.5]
[11,10,9,6,5,4][8.5]
[706713]
[0,1,2,3,7,10,9,8][14]
[711504]
[0,1,2][2]
[0,1,2][2]
[0,1,2,3,7,10,9,8][14]
[706735]
[8,9,10,7,3,2,1,0][14]
[706743]
[8,9,10,7,3,2,1,0][14]
[711496]
[0,1][1]
[0,1,2,3,7,10,9,8][14]
[0,1,2][2]
[711382]
[8,9,10][2]
[8,9,10,7,3,2,1,0][14]
[715700]
[10,9,8,4,0,1,2][13]
[10,9,8][2]
[10,9,8,4,0][11]
[10,9,8,4,0,1,2,3][14]
[10,9,8,4,0,1][12]
[10,9,8,4,0][11]
[715505]
[10,9,8,4,5,6][8.5]
[10,9][1]
[10,9,8,4,0,1,2,3][14]
[10,9,8,4,5][7.5]
[10,9,8,4,0,1,2,3][14]
[10,9,8,4,0][11]
[10,9,8,4][6.5]
[10,9,8,4,0][11]
[10,9,8,4,0,1,2,3][14]
[10,9][1]
[10,9,8,4,0][11]
[10,11][1]
[10,9,8,4,0][11]
[10][0]
[10,11][1]
[10,9,8,4][6.5]
[10,9,8,4,5,6,7][9.5]
[10][0]
[10][0]
[10,9][1]
[10,9,8,4,5][7.5]
[10,9,8,4][6.5]
[10,9,8,4,5,6][8.5]
[10][0]
[10,9,8,4,5,6,7][9.5]
[10,9,8,4,0,1,2,3][14]
[10,9,8,4,0,1,2,3][14]
[10,9,8,4,5,6,7][9.5]
[10,9,8,4,5][7.5]
[10,9,8,4,0][11]
[10,9,8][2]
[10,9,8,4,0,1,2][13]
[10,9,8,4,0][11]
[10,9,8,4,5][7.5]
[711397]
[0,1,2,3,7,10,11][13]
[0,1,2,3,7,10,9,8][14]
[711488]
[0,1,2,3,7,10][12]
[0,1,2,3,7][7.5]
[0,1,2,3,7,10,9,8][14]
[727664]
[9,6,3,7][13.5]
[725516]
[8,5,2,6][13.5]
[727624]
[6,2,5,8][13.5]
[727626]
[4,1,5,2][13.5]
[725675]
[9,6,3,7][13.5]
[725162]
[5,9,6,10][13.5]
[5,1][4.5]
[5,2][4.5]
[5,1,4][9]
[5][0]
[5,9][4.5]
[725669]
[9,6,3,7][13.5]
[727476]
[11,7,3,6][13.5]
[726572]
[3,6,2,5][13.5]
[727666]
[6,3,7,11][13.5]
[725534]
[7,3,6,9][13.5]
[7,3,6,10][13.5]
[7,3][4.5]
[726417]
[2,5,1,4][13.5]
[2,6][4.5]
[725120]
[9,6,10][9]
[9,6,10,7][13.5]
[726824]
[7,3,6,2][13.5]
[727678]
[7,3,6,9][13.5]
[725573]
[7,3,6,2][13.5]
[726455]
[5,1,4,0][13.5]
[727302]
[9,6,3,7][13.5]
[726200]
[6,2,5][9]
[6,2,5,8][13.5]
[727506]
[1,5,2,6][13.5]
[727314]
[0,4,1,5][13.5]
[726218]
[6,9,5][9]
[6,3][4.5]
[6,9,5,8][13.5]
[6,3,7,11][13.5]
[6,9,5][9]
[6,9][4.5]
[725309]
[5,2][4.5]
[5,9][4.5]
[5,2,6,3][13.5]
[726399]
[4,1,5,2][13.5]
[726387]
[7,3,6,2][13.5]
[726378]
[10,6,2,5][13.5]
[10][0]
[726242]
[1,5,8][9]
[1,5,2,6][13.5]
[726339]
[5,8][4.5]
[5,2,6,3][13.5]
[5,2,6][9]
[5,2,6,10][13.5]
[727498]
[9,6,3,7][13.5]
[727336]
[10,6,2,5][13.5]
[725381]
[8,5][4.5]
[8,5,2,6][13.5]
[726299]
[6,3][4.5]
[6,2,5][9]
[6,10][4.5]
[6,2,5,1][13.5]
[6][0]
[6][0]
[6][0]
[6,2,5,8][13.5]
[6,10,7][9]
[726738]
[6,2,5,8][13.5]
[726794]
[5,2,6,10][13.5]
[726846]
[1,5,2,6][13.5]
[726614]
[11,7,3,6][13.5]
[727746]
[9,6,3,7][13.5]
[9,6,3,7][13.5]
[726736]
[11,7,3,6][13.5]
[726626]
[10,6,2,5][13.5]
[726838]
[6,3,7,11][13.5]
[726698]
[6,2,5,1][13.5]
[726860]
[5,2,6,10][13.5]
[726676]
[3,6,2,5][13.5]
[726776]
[5,2,6,3][13.5]
[726842]
[11,7,3,6][13.5]
[726774]
[5,1,4,0][13.5]
[726916]
[4,1,5,9][13.5]
[4,1,5,8][13.5]
[4,1][4.5]
[726672]
[1,5,2,6][13.5]
[726642]
[5,1,4,0][13.5]
[726596]
[5,2,6,10][13.5]
[726708]
[6,2,5,8][13.5]
[727112]
[7][0]
[7,11][4.5]
[7][0]
[7,10,6,2][13.5]
[7,11][4.5]
[7,10][4.5]
[7,10][4.5]
[7,10,6][9]
[726586]
[1,5,2,6][13.5]
[726588]
[1,5,2,6][13.5]
[727104]
[6,2,5,8][13.5]
[726822]
[2,6,3,7][13.5]
[726602]
[5,2,6,10][13.5]
[726604]
[5,2,6,10][13.5]
[726814]
[2,5,1,4][13.5]
[726812]
[2,6,3,7][13.5]
[727034]
[7,11][4.5]
[7,3,6,2][13.5]
[714196]
[11,10,6,3,2,1,0][13]
[11,10,6][5.5]
[724834]
[1,2][1]
[1,0,4,5,6,7][8.5]
[1,0][1]
[1,0,4,5][6.5]
[1,0,4,8,9,10,11][13]
[1,0,4,5,6,7][8.5]
[1,0][1]
[1,2,3][2]
[1,0,4,5,6][7.5]
[1,0,4,5,6][7.5]
[1,0,4,8,9,10,11][13]
[1,2][1]
[1][0]
[1,0,4,8,9][11]
[1,0,4,8,9,10][12]
[1][0]
[1,0,4][5.5]
[1,0,4,8,9,10][12]
[1,0,4,8,9,10][12]
[1,0,4,5][6.5]
[1,0,4,5,6][7.5]
[1,0,4,8][10]
[1,0,4,5][6.5]
[1,0,4,5][6.5]
[1,0,4,5,6][7.5]
[1,2][1]
[1,0,4,5,6][7.5]
[1,0,4][5.5]
[1,0][1]
[1,0,4,8][10]
[1,0,4,8,9,10,11][13]
[1,0,4,5,6,7][8.5]
[1,0,4][5.5]
[1,0,4,5][6.5]
[1,2][1]
[711554]
[0,1,2,3,7,10,11][13]
[724786]
[1,0,4][5.5]
[1,2,3][2]
[1][0]
[1,0,4,5][6.5]
[1,0,4,8,9,10,11][13]
[1,0,4,8,9,10][12]
[1,0,4,5][6.5]
[1,0,4,8,9][11]
[1][0]
[1,2,3][2]
[1,0,4,8][10]
[1,0,4,5,6][7.5]
[1,0,4,8,9,10][12]
[1,0,4,8,9,10,11][13]
[1,0,4,5,6][7.5]
[1,0,4,8,9,10,11][13]
[1,0,4,8][10]
[1,0,4,5][6.5]
[1,0,4,5][6.5]
[1,0,4,5][6.5]
[1,2][1]
[1,2,3][2]
[1,0][1]
[713853]
[8,9,6,3,2,1][12]
[8,9,6,7][6.5]
[8,9,6][5.5]
[8,9,6,5][6.5]
[8,9,6,5,4][7.5]
[8,9,6][5.5]
[8,9,6,3,2,1][12]
[8,9,6,7][6.5]
[8,9,6,5,4][7.5]
[8,9,6][5.5]
[8,9,6,3][10]
[8,9,6,3,2,1][12]
[8,9,6,3][10]
[8,9,6,5][6.5]
[8,9,6,3,2,1,0][13]
[8,9,6,3,2,1,0][13]
[8][0]
[8][0]
[8,9,6,3,2,1][12]
[8,9,6,5,4][7.5]
[8][0]
[8,9,6,3,2,1][12]
[8,9,6,5,4][7.5]
[8][0]
[8,9,6,7][6.5]
[8,9,10][2]
[8,9][1]
[8,9,6,5,4][7.5]
[8,9,6][5.5]
[8,9,6,5,4][7.5]
[8][0]
[8,9,6,7][6.5]
[8,9,6,7][6.5]
[8,9,6,5][6.5]
[724738]
[2][0]
[2,3][1]
[2,1][1]
[2,1,5][5.5]
[2,1,5,8,9,10,11][13]
[2,1,5,8,9,10][12]
[2,1,5][5.5]
[2,1,5,8,9][11]
[2,1][1]
[2,3][1]
[2,1,5,8][10]
[2,1,5,6][6.5]
[2,1,5,8,9,10][12]
[2,1,5,8,9,10,11][13]
[2,1,5,6][6.5]
[2,1,5,8,9,10,11][13]
[2,1,5,8][10]
[2,1,5][5.5]
[2,1,5][5.5]
[2,1,5][5.5]
[2][0]
[2,1,5,8,9,10][12]
[2,1,5][5.5]
[723337]
[1,2,3][2]
[1,0,4,8,9][11]
[1,0,4,5,6,7][8.5]
[1,0,4,8,9][11]
[1,2][1]
[1,0,4][5.5]
[1,0,4,8,9,10][12]
[1,0,4,8][10]
[1,0,4,8,9,10,11][13]
[1,0,4,5][6.5]
[1,0,4,8,9,10,11][13]
[1,0,4,8,9,10][12]
[1,0][1]
[1,0,4,5,6,7][8.5]
[1,0,4][5.5]
[1,0,4,5,6,7][8.5]
[1,0,4][5.5]
[1,0,4,5,6,7][8.5]
[1,0,4,5][6.5]
[1,0,4,5][6.5]
[1,0,4][5.5]
[1,2][1]
[1,0,4,8,9][11]
[1,0][1]
[1,0,4,8,9,10][12]
[1,2,3][2]
[1,0,4,8,9][11]
[1,2,3][2]
[1,2][1]
[1,0,4,5,6][7.5]
[1,0,4,5,6,7][8.5]
[1,0,4,8,9][11]
[1,0,4,8,9][11]
[1,0,4,5,6,7][8.5]
[1,2][1]
[1,0,4,5][6.5]
[1,0,4,5,6][7.5]
[1,0,4,5,6,7][8.5]
[1,0,4,5][6.5]
[1,2,3][2]
[1,0,4,8,9,10][12]
[1,0,4,8,9,10][12]
[1,0,4,5][6.5]
[1,0][1]
[1,0,4,8][10]
[1,0,4,5][6.5]
[1,0,4,8,9,10,11][13]
[1,0,4,8,9][11]
[1,0][1]
[1,0,4][5.5]
[1,2,3][2]
[1,2,3][2]
[1,0,4,8,9,10,11][13]
[1][0]
[1,0,4,8,9][11]
[1,0,4,8,9,10][12]
[1,0,4,8,9][11]
[1,0,4,5,6][7.5]
[1,0,4,8,9][11]
[1,0,4,8,9,10][12]
[1,0,4,8,9,10,11][13]
[1,0,4,8,9,10,11][13]
[1,0,4,8,9,10][12]
[1,0,4,8][10]
[1,2][1]
[1,0,4,5,6,7][8.5]
[1,0,4,5,6][7.5]
[1][0]
[1,0,4,5,6][7.5]
[1,0,4,8,9][11]
[1,0,4,5,6,7][8.5]
[1,0][1]
[1,0,4,5][6.5]
[1,0,4,8,9,10,11][13]
[1,0,4,8,9][11]
[1,0,4,8,9][11]
[1][0]
[1,0,4,5,6][7.5]
[1,0,4,8,9,10][12]
[1,0,4,8][10]
[1,0,4,8,9,10,11][13]
[1,0,4,5][6.5]
[1,0][1]
[1][0]
[1,2][1]
[1][0]
[1,0,4,8,9][11]
[1,0,4][5.5]
[1,2][1]
[1,0,4,5,6][7.5]
[1,0,4,5][6.5]
[1,0,4,5,6,7][8.5]
[1,0,4,8,9][11]
[1,2][1]
[1,2][1]
[1,0,4,8,9,10,11][13]
[1,0,4,5][6.5]
[1,0,4,8][10]
[1,0,4][5.5]
[1,2][1]
[1,2,3][2]
[1,2][1]
[711551]
[0,1,2,3,7,10,11][13]
[0,1,2,3,7,10,9][13]
[711981]
[0,1,2][2]
[0,1,2,3,7,10,9][13]
[0,1,2,3,7][7.5]
[713108]
[0,1,2,3,6,9,8][13]
[711527]
[0,1,2,3,7,6,5][9.5]
[0,1,2,3,7,6,5,4][10.5]
[0,1,2,3,7,10,11][13]
[706401]
[0,1,2,3,7,10,9][13]
[706651]
[9,10][1]
[9,10,7,3,2,1,0][13]
[706687]
[8,9,10,7,3,2,1][13]
[711516]
[0,1,2,3,7,10,11][13]
[0,1][1]
[715938]
[9,10,11][2]
[9,8,4,0,1][11]
[9,8,4,5,6][7.5]
[9,8,4,0,1,2,3][13]
[9,8,4,0,1,2,3][13]
[9,8,4,5][6.5]
[9,8,4,0][10]
[9,8,4,5][6.5]
[9,8,4,0,1,2][12]
[9,8,4,0,1][11]
[9,8,4,5][6.5]
[9,8,4,0,1,2][12]
[9,8][1]
[9,8][1]
[9,8,4][5.5]
[9,8,4,5,6,7][8.5]
[9,8,4,5,6][7.5]
[9,8,4,5,6][7.5]
[9,8,4][5.5]
[9,8,4][5.5]
[9,8,4,5,6,7][8.5]
[9,8,4,5,6,7][8.5]
[9,8,4,5,6,7][8.5]
[9,8,4,0][10]
[9,10][1]
[9,10][1]
[9,8,4,0][10]
[9][0]
[713689]
[0,1,2,3,6,9,8][13]
[713639]
[8,9,6,3,2,1,0][13]
[715562]
[9,10][1]
[9,8,4,0][10]
[9,8,4,5,6][7.5]
[9][0]
[9,8,4,0,1,2,3][13]
[9,8,4,0,1,2][12]
[9,10][1]
[9,8][1]
[9][0]
[9,8,4][5.5]
[9,8,4,5,6][7.5]
[9,8,4,5][6.5]
[9,10][1]
[9,8,4,0][10]
[9,8,4,0][10]
[9,8,4,0,1][11]
[9,10][1]
[9,8,4,0][10]
[9,8,4,0,1,2][12]
[9,8,4,0,1,2,3][13]
[9,8,4,5][6.5]
[9][0]
[9,8,4,0,1,2][12]
[9,8,4,0,1,2,3][13]
[9,10,11][2]
[9,10,11][2]
[9,8,4,5][6.5]
[9,8,4][5.5]
[9,8,4,0,1,2][12]
[9,8,4,5][6.5]
[9,8][1]
[9][0]
[9,8,4,0,1,2,3][13]
[9,10][1]
[9,10][1]
[9,8,4,5][6.5]
[9,8,4,0,1,2][12]
[9,8,4,5,6][7.5]
[9][0]
[9,8,4,0,1,2,3][13]
[9][0]
[9,8,4,5][6.5]
[9,8][1]
[9][0]
[9][0]
[9,8,4,0][10]
[9,10][1]
[9,8,4][5.5]
[9,8][1]
[9,8,4,0,1][11]
[9,8,4,0,1,2][12]
[9][0]
[9,8,4,0,1][11]
[9,8,4,0][10]
[9,10][1]
[9,8,4,5,6,7][8.5]
[9,8][1]
[9,8,4][5.5]
[9,8,4,5][6.5]
[9,8,4][5.5]
[9,8,4,5][6.5]
[9,10,11][2]
[9,8,4,0,1,2][12]
[713499]
[10,9,6,3,2,1,0][13]
[10,9,6,3,2][11]
[10,9,6,3,2,1,0][13]
[10,9,6,3][10]
[10,9,6][5.5]
[10,9,6][5.5]
[10,11][1]
[10,9,6,7][6.5]
[10,11][1]
[10,11][1]
[10,9,6,3,2,1,0][13]
[10,9,6,3,2,1][12]
[10,11][1]
[10,9,6,5,4][7.5]
[10][0]
[10,9,6,5][6.5]
[10,9,6,3,2,1][12]
[10,9,8][2]
[10,9,6,7][6.5]
[10,9,6,3,2,1][12]
[10,9,6,3,2][11]
[10,9,8][2]
[10,9,6,7][6.5]
[10,9,6,3][10]
[10,9,6,3,2,1,0][13]
[10,9,6,3][10]
[10][0]
[10,9,6,5][6.5]
[10,9,6,5][6.5]
[10,9,6,5][6.5]
[10,9,6,5,4][7.5]
[10,9,6,3,2,1,0][13]
[715626]
[1,2,3,6,9,10,11][13]
[1,2,3,6][6.5]
[1,2,3,6,9,10,11][13]
[1,2,3,6][6.5]
[1,2,3][2]
[1,0][1]
[1,2,3,6,9,10][12]
[1,2,3,6,9,10][12]
[1,0][1]
[1,0][1]
[1][0]
[1,2,3,6,9,10][12]
[1,0][1]
[1,2][1]
[1,2,3][2]
[1,2,3,6,5][7.5]
[1,2,3,6,9][11]
[1,2,3,6,9,10][12]
[1,0][1]
[1,2,3,6,9,10,11][13]
[713293]
[10,9,6,3,2,1][12]
[10,9,6,3,2,1,0][13]
[10,9,6,5][6.5]
[10,9][1]
[10][0]
[10,9,6,3,2,1][12]
[10,9,6,3,2][11]
[10,9][1]
[10,9,6,3,2][11]
[10,9,8][2]
[10,9,6,5][6.5]
[10][0]
[10,9,6,3,2,1][12]
[10][0]
[10,9][1]
[10,9,6,3,2,1][12]
[10,9,6,5,4][7.5]
[10,9,6][5.5]
[10][0]
[711953]
[0,1,2,3,7,10][12]
[0,1,2,3,7,10,11][13]
[0,1,2,3,7,6,5][9.5]
[0][0]
[711923]
[0,1][1]
[0,1,2,3,7,6,5,4][10.5]
[0,1,2,3,7,6,9][13]
[0,1,2,3,7,6][8.5]
[711918]
[0,1,2,3,7,6,9][13]
[0,1,2][2]
[0,1,2,3,7,6,5,4][10.5]
[0,1,2,3,7,6,5,4][10.5]
[713231]
[10,9,6,3,2,1,0][13]
[10,9,8][2]
[10,9,6,3,2,1][12]
[10,9,6,3,2,1][12]
[711968]
[0][0]
[0][0]
[0,1,2,3,7,10,11][13]
[0,1,2,3,7,6,5][9.5]
[714125]
[11,10,9,8][3]
[11,10,9,6,5][7.5]
[11,10,9,6,3,2,1][13]
[713218]
[11,10,6,3,2,1][12]
[11,10,6,3,2,1,0][13]
[713211]
[0,1][1]
[0,1,2,3,6,9,10][13]
[0,1,2,3,6][7.5]
[0,1,2,3,6,9,8][13]
[713844]
[0,1,2,3,6,9,10][13]
[0,1,2,3,6,9,8][13]
[716208]
[9,8,4,5,6,7][8.5]
[9,8][1]
[9,8,4,5,6,7][8.5]
[9,10][1]
[9,8][1]
[9,8,4,0,1,2][12]
[9,8,4,0,1,2,3][13]
[9,8,4][5.5]
[9,8,4,5][6.5]
[9,8,4,5,6][7.5]
[9,10,11][2]
[9,8,4,0,1][11]
[9,8,4,5,6,7][8.5]
[9,8,4,0,1][11]
[9,8,4,0,1,2][12]
[9,10,11][2]
[9,8,4,0][10]
[9,8,4,5,6][7.5]
[9,8,4,0,1,2,3][13]
[9,8,4][5.5]
[9,8,4,5][6.5]
[9,8,4,5,6,7][8.5]
[9,10][1]
[707215]
[0,1,2,3,7,10,9][13]
[711694]
[0,1,2,3,7,10,11][13]
[711973]
[0,1,2,3,7,6,5,4][10.5]
[0,1,2,3,7,6,9][13]
[0,1,2,3,7,6][8.5]
[714032]
[0,1,2,3,6,9,8][13]
[0,1,2,3][3]
[711565]
[0,1,2,3,7,10,11][13]
[0,1,2,3,7,6,5,4][10.5]
[714049]
[0,1,2,3,6][7.5]
[0,1,2,3,6,10,11][13]
[708567]
[0,1,2,3,7,10,11][13]
[712819]
[8,9,6,3,2,1,0][13]
[710461]
[0,1,2,3,7,10,9][13]
[710376]
[9,10,7,3,2,1,0][13]
[9,10,7,6][6.5]
[9,10,7,6,5,4][8.5]
[9,10,7,6,5][7.5]
[9,10,7,6,5][7.5]
[9,10,7,3,2,1,0][13]
[9,10,7][5.5]
[9,8][1]
[9,10,7,3][10]
[9,10,7,3,2,1][12]
[9,10,7,6,5][7.5]
[9][0]
[9,10,7,3,2,1][12]
[9,10,7,6,5,4][8.5]
[9,10][1]
[9,8][1]
[9,10,7,3][10]
[9,10,7,6,5,4][8.5]
[9][0]
[9,10,7][5.5]
[707948]
[8,9,10,7,3,2,1][13]
[8,9,10,7,3,2][12]
[710144]
[0,1,2,3,7,10,9][13]
[707997]
[0,1,2,3,7,10,9][13]
[710050]
[9,10,7,3,2,1,0][13]
[708043]
[9,10,7,6][6.5]
[9,10][1]
[9,10][1]
[9,10,7][5.5]
[9,10,7,6,5][7.5]
[9,10,7,3,2,1,0][13]
[9,10,7,3][10]
[9,10,7,6,5][7.5]
[9,10,7,3,2,1,0][13]
[9,10,7,6,5][7.5]
[9,10,7,6,5,4][8.5]
[9,8][1]
[9,10,7,3][10]
[9,10,7,6,5][7.5]
[9,10,7,3,2,1,0][13]
[9,10,7,3,2,1][12]
[9,10,7,3,2,1][12]
[9,10,7,3,2][11]
[9][0]
[708333]
[9,10,7,6,5][7.5]
[9,10,7][5.5]
[9,10,7][5.5]
[9,10,7,6,5,4][8.5]
[9,10,7][5.5]
[9,10,11][2]
[9,10][1]
[9][0]
[9,10,7,3,2,1][12]
[9,10,7,3,2,1][12]
[9][0]
[9,10,7,6,5][7.5]
[9,10][1]
[9,10,7,6,5,4][8.5]
[9,10,7,3,2,1,0][13]
[9,10,11][2]
[9][0]
[9][0]
[9,10,7,6,5][7.5]
[9,10,7,6,5,4][8.5]
[9,10,7,3,2,1,0][13]
[9][0]
[9,10,7,6][6.5]
[712498]
[8,9,10,7,3,2,1][13]
[714626]
[1][0]
[1,2][1]
[1,0,4,8,9,10,11][13]
[1,0,4,5,6,7][8.5]
[1,2,3][2]
[1,0,4,8][10]
[1,0,4,5][6.5]
[1,0,4,8,9][11]
[1][0]
[1,0,4,8,9,10][12]
[1,0,4,8,9,10][12]
[1,0,4,5,6,7][8.5]
[1,0,4,5][6.5]
[1][0]
[1,0,4,5,6][7.5]
[1,0,4][5.5]
[1,0,4][5.5]
[1][0]
[1,0][1]
[1,0,4,5,6,7][8.5]
[1][0]
[1][0]
[1,0,4,8,9,10,11][13]
[1,0,4][5.5]
[1][0]
[1,0][1]
[1,0,4,8,9,10][12]
[1,2][1]
[1,0,4,5,6,7][8.5]
[1,0,4,8][10]
[1,0,4,8,9,10,11][13]
[1,0,4,8,9,10][12]
[712518]
[0,1,2,3,7,10,9][13]
[714606]
[2,1,0,4][6.5]
[2,1,0,4,8,9,10][13]
[2,1][1]
[712797]
[8,9,6,3,2,1,0][13]
[712773]
[0,1,2,3,6,9,8][13]
[708569]
[1,2][1]
[1,2,3,7,10,9,8][13]
[712635]
[8,9,10,7,3,2,1][13]
[709727]
[0,1,2,3,7,10,9][13]
[708591]
[1,0][1]
[1,2,3,7,10,9,8][13]
[708603]
[9,10,7,6,5][7.5]
[9,10,7,6][6.5]
[9,10,7,3,2,1,0][13]
[9,10,7,3,2,1][12]
[9,10,7,3][10]
[9,10,7,3][10]
[9,10,7,6][6.5]
[9,10,7,6,5][7.5]
[9,10,7,3][10]
[9,10,7,3][10]
[9,10,7,6][6.5]
[9,10,7,3][10]
[9,10,7,3,2][11]
[9,10,7,3,2,1,0][13]
[9,10,7,3,2][11]
[9,10][1]
[9,10,7,6,5][7.5]
[9][0]
[9,10,7,6][6.5]
[9,10,11][2]
[9,10,11][2]
[9,8][1]
[9,10,7,3,2,1][12]
[9,10,11][2]
[9,10][1]
[9,10,7,6][6.5]
[9,10,7,6,5][7.5]
[9][0]
[9,10,7,3,2][11]
[9,10,7,6,5,4][8.5]
[9,10,7,3,2,1][12]
[9,10,7,3,2][11]
[9,8][1]
[9,10][1]
[709563]
[8,5,6,7,3,2,1][13]
[8][0]
[8,9][1]
[8,5,6,7,3,2][12]
[8,5,4][5.5]
[8,5,6,7,3][11]
[8,5,6,7,3,2,1][13]
[708806]
[0,1,2,3,7,10,11][13]
[0,1,2,3,7,10,11][13]
[0,1,2,3,7][7.5]
[0,1,2,3,7,10,9][13]
[718045]
[1,0][1]
[1,0,4,5,6][7.5]
[1,0][1]
[1,0,4,5,6,7][8.5]
[1,2,3][2]
[1,0,4,5,6,7][8.5]
[1,0,4,8,9,10,11][13]
[1,0][1]
[1,0,4][5.5]
[1,0,4,5,6][7.5]
[1,0,4,8,9,10,11][13]
[1,0,4,5,6][7.5]
[1,0,4][5.5]
[1,0,4,8,9,10][12]
[1,0,4][5.5]
[1,2,3][2]
[1,0,4,8,9,10][12]
[1,0,4,8,9,10,11][13]
[1,0,4,5,6,7][8.5]
[1,0,4,8,9,10,11][13]
[1,0,4,8,9][11]
[1,0,4,8,9][11]
[1,0,4,5][6.5]
[1,0,4,8][10]
[1,2][1]
[1,0][1]
[1,0,4,5,6,7][8.5]
[1,0,4,8][10]
[1,2][1]
[1,0,4,8][10]
[1,0,4,5,6,7][8.5]
[1,0,4,5][6.5]
[1,0,4,5,6,7][8.5]
[1,0,4,8,9,10][12]
[1,0][1]
[1,0,4,8,9,10,11][13]
[1,0,4,8,9,10,11][13]
[1,0,4,8,9,10,11][13]
[1,0,4,8,9][11]
[1,2,3][2]
[1,0,4,8,9][11]
[1,0,4,8,9,10][12]
[709529]
[8][0]
[8,9,10,11][3]
[8,9,10,7,3,2,1][13]
[712264]
[8,9,10,7,3,2,1][13]
[712034]
[0,1,2][2]
[0,1,2,3,7,10][12]
[0,1][1]
[0,1,2][2]
[0,1,2,3,7][7.5]
[0,1,2,3,7,6,5,4][10.5]
[0,1,2,3,7,10,9][13]
[712188]
[0,1,2,3][3]
[0,1,2,3,7,10,11][13]
[0,1,2,3,7,6,5,4][10.5]
[0,1,2,3,7,10][12]
[0,1,2,3,7,10,9][13]
[0,1][1]
[0,1,2,3,7,10,11][13]
[712880]
[10,9,6,7][6.5]
[10,9,6,7][6.5]
[10,9,6,3,2,1][12]
[10,9,6,3,2][11]
[10][0]
[10,9,6,5][6.5]
[10,9,6,7][6.5]
[10,9,6,3,2,1,0][13]
[10][0]
[10,9,6,3,2,1][12]
[10][0]
[10,9,6,5][6.5]
[10,9,6][5.5]
[10,9,6,3,2,1,0][13]
[10,9,8][2]
[10,9,6,5][6.5]
[10,9,6,5,4][7.5]
[10,9][1]
[10,9,6,3][10]
[10,9,6,3,2,1,0][13]
[10,9,8][2]
[10][0]
[10,9][1]
[10,9,6,5][6.5]
[10,9,6,3,2,1,0][13]
[10,9,6,3,2][11]
[10,9,6,5][6.5]
[10,9,6,3,2,1][12]
[10,9,6,7][6.5]
[10,9,6,7][6.5]
[10,9,6,3][10]
[10,9,6,3,2][11]
[10,9,6,3,2,1,0][13]
[10,9,6,3,2,1,0][13]
[714417]
[0][0]
[0,1,2,3,6,10,11][13]
[707026]
[8,9,10,7,3,2,1][13]
[8,9,10,7][6.5]
[714434]
[8,9,6,3,2,1,0][13]
[711348]
[11,10,7,3,2,1,0][13]
[11][0]
[707225]
[0,1,2,3,7,10,11][13]
[707237]
[11,10,7,3,2,1,0][13]
[716531]
[11,10,9,8,4,0,1][13]
[11,10,9,8,4,0][12]
[11,10,9,8][3]
[11][0]
[11][0]
[11,10,9,8,4,0][12]
[11,10,9,8,4,0,1][13]
[11,10,9,8,4,0][12]
[11,10,9][2]
[11,10,9][2]
[11,10][1]
[11][0]
[712835]
[8,9,6,3,2,1,0][13]
[711197]
[11,10,7,6][6.5]
[11,10,7,3,2,1,0][13]
[711512]
[0,1][1]
[0,1,2,3,7,10,11][13]
[0,1,2,3][3]
[711194]
[1,2,3,7,6,5,8][13]
[1,2,3,7,6,5][8.5]
[711162]
[0,1,2,3,7,10,9][13]
[707503]
[8,9,10,7,3,2,1][13]
[707567]
[11,10,7,3,2,1,0][13]
[714467]
[8,9,10][2]
[8,9,6,3,2,1,0][13]
[707571]
[11,10,7,3,2,1,0][13]
[711160]
[0,1,2,3,7,10,9][13]
[714470]
[8,9,10][2]
[8,9,6,3,2,1,0][13]
[716839]
[2,1,0,4][6.5]
[2,1,0,4,5][7.5]
[2,1][1]
[2,1,0,4][6.5]
[2,1,0][2]
[2,1,0][2]
[2][0]
[2,1,0,4,5,6][8.5]
[2,1,0,4][6.5]
[2,1,0,4,5][7.5]
[2,1,0][2]
[2,1,0,4,5,6][8.5]
[2,1,0][2]
[2,1,0,4,5,6][8.5]
[2,1,0,4,5,6][8.5]
[2,1,0,4,8,9][12]
[2,1,0,4,8,9][12]
[2,1,0,4,5][7.5]
[2,1,0,4,8,9,10][13]
[2,1,0,4,5,6][8.5]
[2,1,0,4][6.5]
[2,1,0,4,8,9,10][13]
[2][0]
[2,1,0,4,8,9][12]
[2,1,0,4,5][7.5]
[2,1,0,4,5][7.5]
[2][0]
[2,1,0,4,8,9][12]
[2,1,0][2]
[2,1,0,4,8][11]
[2][0]
[2,1,0,4,5,6][8.5]
[2,1,0,4,5,6,7][9.5]
[2,1,0,4,5,6,7][9.5]
[2,1,0,4,8][11]
[2,3][1]
[2,3][1]
[2,1,0,4][6.5]
[2,1,0,4,5,6,7][9.5]
[2,1][1]
[2,1,0,4,8,9,10][13]
[714473]
[8,9,6,7][6.5]
[8,9,6,3,2,1,0][13]
[712282]
[8,9,10,7,3,2,1][13]
[709313]
[11,10,7,3,2,1][12]
[11,10,7,3,2][11]
[11,10,9,8][3]
[11,10,9][2]
[716447]
[11,10,9,8,4,0][12]
[11,10,9][2]
[711354]
[11,10,7,3,2,1][12]
[716478]
[8,4][4.5]
[8,4,5,6,7][7.5]
[8,4][4.5]
[8,4,5][5.5]
[8,4,0,1][10]
[8,9][1]
[8,4,0,1,2][11]
[8,4,5,6,7][7.5]
[8,9][1]
[8,4,0,1,2][11]
[8,9][1]
[8,4,0,1,2,3][12]
[8,9][1]
[8,9,10,11][3]
[8,4,5,6][6.5]
[8,4,0,1][10]
[8,4,0][9]
[8,4][4.5]
[8,9,10][2]
[8,9,10][2]
[8,4,5,6][6.5]
[8,4,0,1,2,3][12]
[8,9,10][2]
[8,4,5][5.5]
[8,9,10][2]
[8,4,0,1,2][11]
[8,9,10,11][3]
[8,9,10][2]
[8,4][4.5]
[8,4,0,1,2][11]
[8,9,10,11][3]
[8,4,5,6,7][7.5]
[8,4,0,1,2,3][12]
[8,9][1]
[712376]
[11,10,7,3,2,1][12]
[711294]
[9,8][1]
[9,10,7][5.5]
[9,10,7,3,2,1][12]
[9,10,7,3,2][11]
[9,10,7,6,5,4][8.5]
[9,10,7,6,5][7.5]
[9,10,7,3,2,1][12]
[9,10,7,3,2,1][12]
[9,10][1]
[9,10,7,6,5][7.5]
[9,8][1]
[9,10][1]
[9,10,7,3,2][11]
[9,10,7,3,2][11]
[9,10,7,6,5,4][8.5]
[9,8][1]
[9,10,7,6,5][7.5]
[9,10,7,3][10]
[9,10,7,6][6.5]
[9,10,7,3,2,1][12]
[9,10,11][2]
[9,10][1]
[9,8][1]
[9,10,7][5.5]
[9,10,7,3][10]
[9,10,7,3,2,1][12]
[9,10,11][2]
[9][0]
[9,10,7,6][6.5]
[9,10,7,6][6.5]
[712374]
[2,3,7,10,9,8][12]
[709122]
[1,2,3,7,10,11][12]
[709124]
[2,3,7,10,9,8][12]
[709128]
[10,7,3,2,1,0][12]
[713950]
[8,9,6,3,2,1][12]
[713198]
[1,0][1]
[1,2,3,6,10,11][12]
[713970]
[11,10,6,3,2,1][12]
[11][0]
[718031]
[3,2,6][5.5]
[3,2,6][5.5]
[3][0]
[3,2,6,9][10]
[3,2,6,9,10][11]
[3,2,6,5][6.5]
[3,2,6,9,10,11][12]
[3,2,1][2]
[3,2][1]
[3,2,1,0][3]
[3,2,6,9][10]
[716666]
[2,1,4,8,9,10][12]
[2,1,4][5.5]
[712388]
[10,7,3,2][10]
[10,7,3,2,1][11]
[10,7,3][9]
[10,7,3][9]
[10,9][1]
[10,7,3][9]
[10,7][4.5]
[10,7,3,2,1,0][12]
[10,7,3,2,1,0][12]
[10,9,8][2]
[10,11][1]
[10,9,8][2]
[10,7,3,2][10]
[10,7,3,2,1,0][12]
[10,7,6,5][6.5]
[10][0]
[10,7][4.5]
[10][0]
[10,7,6,5][6.5]
[10,7,3,2,1,0][12]
[10,7,6,5][6.5]
[10][0]
[10,9][1]
[10,9,8][2]
[10,9,8][2]
[10,7,6][5.5]
[10,7,6][5.5]
[10,7,6,5][6.5]
[10,11][1]
[10,7,6][5.5]
[10,9,8][2]
[10,9][1]
[10,7,3,2][10]
[10,7,3,2][10]
[10,7,3,2][10]
[10,7,6,5][6.5]
[10,7][4.5]
[709421]
[2,3,7,10,9,8][12]
[723027]
[1,2,6,9,8][11]
[1,2,6,9,10,11][12]
[1,2,3][2]
[1,2,6][5.5]
[723022]
[0,4,8,9,10,11][12]
[0,4,5,6][6.5]
[0,4,8][9]
[0,4,8,9][10]
[711114]
[9,10,7,3,2,1][12]
[710854]
[1,2,3,7,10,11][12]
[716956]
[11,10,9,8,4,0][12]
[709453]
[8,9,10,7,3,2][12]
[710645]
[1,2,3,7,10,11][12]
[1,2,3,7,6,5][8.5]
[710606]
[1,2,3,7,6,5,4][9.5]
[1,2,3,7,6,9][12]
[1,2,3][2]
[1,2,3,7,6,9][12]
[710581]
[9,10,7,3,2,1][12]
[722892]
[11,10,9,8,4,0][12]
[710538]
[2,3,7,10,9,8][12]
[714052]
[8,9,6,3,2,1][12]
[714903]
[11,10,6,3,2,1][12]
[706761]
[9,10,7,3,2,1][12]
[716109]
[10,11][1]
[10,6][4.5]
[10,6,3,2,1,0][12]
[10,6,7][5.5]
[10,6,3,2,1][11]
[10,6,3,2,1,0][12]
[10,11][1]
[10,6,3,2,1][11]
[10,6,3,2][10]
[10,6,3,2,1,0][12]
[10,6,3,2,1][11]
[10,6,3][9]
[10,6,3,2,1,0][12]
[10,6,3,2,1,0][12]
[716157]
[8,4,0,1,2][11]
[8,4,0,1,2,3][12]
[8,9,10,11][3]
[8,9,10,11][3]
[8,4,5][5.5]
[8,4][4.5]
[8,4,0,1,2][11]
[8,4,5][5.5]
[8][0]
[8,9][1]
[8,4,0,1,2,3][12]
[8,9,10][2]
[8,9,10][2]
[8,4,5][5.5]
[8,4,0,1,2][11]
[8,4,5,6][6.5]
[8,9][1]
[8,4,0,1,2,3][12]
[8,9][1]
[8,4,5][5.5]
[8][0]
[8,9][1]
[8,9][1]
[8,4,0][9]
[8,9,10][2]
[8,4][4.5]
[8][0]
[8,4,0,1][10]
[8,4,0,1,2][11]
[8,9][1]
[8,4,0,1][10]
[8,4,0][9]
[8,9,10][2]
[8,4,5,6,7][7.5]
[8][0]
[8,4][4.5]
[8,4,5][5.5]
[8,4][4.5]
[8,4,5][5.5]
[8,9,10,11][3]
[8,4,0,1,2][11]
[8,9,10,11][3]
[8,9,10,11][3]
[8,4,5,6][6.5]
[8,9,10,11][3]
[8,4,5,6][6.5]
[8,4,0,1,2,3][12]
[8,4,0][9]
[8,9,10][2]
[8,9][1]
[706715]
[1,2,3,7,10,11][12]
[706618]
[10,7,6,5,4][7.5]
[10,7,3,2,1,0][12]
[706584]
[8,9,10,7,3,2][12]
[8,9,10,11][3]
[8,9,10][2]
[723769]
[0,4,8,9,10,11][12]
[713273]
[8,9,6,3,2,1][12]
[8,9,10][2]
[706469]
[8,9,10,7,3,2][12]
[706465]
[8,9,10,7,3,2][12]
[706459]
[0,1,2,3,7,10][12]
[713228]
[11,10,6,5][6.5]
[11,10,6,3,2,1][12]
[712209]
[2,3,7,6,9][11]
[2,3,7,6,5,4][8.5]
[2,3,7,6,5][7.5]
[2,3,7,6,9][11]
[2,1][1]
[2,3,7,6,9,8][12]
[710533]
[8,9,10,7,3,2][12]
[8,9,10,7][6.5]
[8][0]
[8,9,10,7,3][11]
[712657]
[8,9,10,7,3,2][12]
[712687]
[11,10,7,3,2,1][12]
[708585]
[11,10,7,3,2,1][12]
[11,10,7,6][6.5]
[708588]
[2,3,7,6][6.5]
[2,3,7,6,5,8][12]
[708599]
[0,1,2,3,7,10][12]
[0][0]
[0,1,2,3,7][7.5]
[714828]
[1,2,3,6][6.5]
[1,2,3][2]
[1,2,3,6,10,11][12]
[1][0]
[1,2,3,6,5,4][8.5]
[714821]
[11,10,6,3][10]
[11,10,6][5.5]
[11,10,6,3,2][11]
[11,10,6,3,2,1][12]
[11][0]
[11,10,6,5,4][7.5]
[711519]
[0,1,2,3,7,10][12]
[0,1,2,3,7][7.5]
[0,1,2,3,7,6][8.5]
[714773]
[10,9,8][2]
[10,9,8,4,5][7.5]
[10,11][1]
[10,9,8,4,0,1][12]
[10,11][1]
[714766]
[10,9,8][2]
[10,9,8,4,5][7.5]
[10,9,8,4,5,6][8.5]
[10,11][1]
[10,9,8,4,0,1][12]
[10,11][1]
[714760]
[11,10,6,3,2,1][12]
[11,10,6,3][10]
[11][0]
[11,10,6,3,2,1][12]
[11,10,6,5,4][7.5]
[714715]
[2,3,6,9,8][11]
[2,3,6,9,8][11]
[2][0]
[2,3][1]
[2,1][1]
[2,3][1]
[2][0]
[2,3,6,9,10,11][12]
[2,1][1]
[2,3,6,9,8][11]
[711478]
[0,1,2,3,7,10][12]
[712310]
[8,9,10,7,3,2][12]
[714321]
[1,2,3,6,10,11][12]
[721640]
[8,4,0][9]
[8,4,0,1,2][11]
[8,4][4.5]
[8,4,0][9]
[8,4,0,1,2,3][12]
[8,9,10][2]
[8,4,0,1,2,3][12]
[8,9,10][2]
[8,4,5][5.5]
[721650]
[8,4,0,1,2][11]
[8,4][4.5]
[8,4,0][9]
[8,4,0,1,2,3][12]
[8,4,0][9]
[8,9,10][2]
[8,4,0,1,2,3][12]
[8,9,10][2]
[8,4,5][5.5]
[710160]
[1,2,3,7,10,9][12]
[714479]
[8,9,6,3,2,1][12]
[8,9,6,3,2][11]
[717361]
[9][0]
[9][0]
[9,10][1]
[9,10,11][2]
[9,5,4,1][10]
[9,5,4,1,2,3][12]
[9][0]
[9,5][4.5]
[722500]
[1,2,6,9,10,11][12]
[1,2,6][5.5]
[1,2,6,9][10]
[717370]
[2,3,6,9,10][11]
[2,3,6,9,10,11][12]
[2,3,6,9][10]
[2,3,6,9][10]
[2,3][1]
[2,3,6,9][10]
[2,3,6,9][10]
[717419]
[0,1,2][2]
[0][0]
[0,4,5,9,10,11][12]
[0,4,5][5.5]
[0,4][4.5]
[0,4,5,9,10][11]
[0,1,2,3][3]
[0,4,5,9][10]
[0,4,5][5.5]
[709813]
[8,9,10,7,3,2][12]
[709815]
[8,9,10,7,3,2][12]
[714464]
[8,9,6,3,2,1][12]
[8,9,6,3,2,1][12]
[714461]
[8,9][1]
[8,9,6,3,2,1][12]
[709715]
[8,9,10,7,3,2][12]
[712314]
[8,9,10,7,3,2][12]
[710018]
[8,9,10,7,3,2][12]
[710002]
[1,2,3,7,10,11][12]
[714456]
[8,5][4.5]
[8,5,6,3,2,1][12]
[709879]
[2,3,7,10,9,8][12]
[709923]
[0,1,2,3,7,10][12]
[715217]
[1,2,3,6,5,4][8.5]
[1,2,3,6,5,4][8.5]
[1,2,3,6,9][11]
[1,2,3,6,7][7.5]
[1,2,3,6,9,10][12]
[1,2,3,6,5,4][8.5]
[1,2,3,6,9][11]
[1,2,3,6][6.5]
[1,2,3,6,5,4][8.5]
[1][0]
[1][0]
[1,2,3,6,9,10][12]
[1,2,3,6,7][7.5]
[1,2,3,6,9,8][12]
[1,2,3,6,5,4][8.5]
[1,2,3,6][6.5]
[1,2,3,6,5][7.5]
[1,2,3,6,5][7.5]
[1,2,3][2]
[1,2,3][2]
[1,2,3,6,5][7.5]
[1,2,3,6,7][7.5]
[1,2,3,6,7][7.5]
[1,2,3,6,5][7.5]
[1][0]
[1,2,3,6,5][7.5]
[1,2,3,6,9,10][12]
[1,2,3,6,5][7.5]
[1,2,3,6,5,4][8.5]
[1,2,3,6][6.5]
[1,2,3,6,9,10][12]
[1,2,3,6,9,10][12]
[714438]
[8,9,6,3,2,1][12]
[8,9,6][5.5]
[709883]
[9,10,7,3,2,1][12]
[714432]
[8,9,6,3,2,1][12]
[709903]
[8,9,10,7,3,2][12]
[709897]
[8,9,10,7,3,2][12]
[714420]
[10,6,3,2,1,0][12]
[10,11][1]
[714176]
[11,10,9,8][3]
[11,10,9,6,3,2][12]
[710517]
[11,10,9][2]
[11,10,9][2]
[11,10,7,3,2,1][12]
[11][0]
[11,10,9][2]
[11,10,7][5.5]
[11,10,7,6][6.5]
[714056]
[8,9,6,7][6.5]
[8,9,6,7][6.5]
[8,9,6,3][10]
[8,9,6,3,2,1][12]
[709533]
[9,10,7,6,5,4][8.5]
[9,10,7,3,2][11]
[9,10][1]
[9,10,7,3,2,1][12]
[9,8][1]
[9][0]
[9,10,7,6][6.5]
[9,10,7,6,5,4][8.5]
[9,10,7,3][10]
[9,10,7,6][6.5]
[714113]
[11,10,6,3][10]
[11,10,6,5,4][7.5]
[11,10,6,3,2,1][12]
[712284]
[2,3,7,10,9,8][12]
[714117]
[11,10,6,7][6.5]
[11,10,6,3,2,1][12]
[11,10,6,5][6.5]
[712825]
[8,9,6,3,2,1][12]
[709584]
[10,11][1]
[10,9,8][2]
[10,7,3,2,1][11]
[10,7,6,5,4][7.5]
[10,7,3][9]
[10,7,3,2,1,0][12]
[714506]
[8,9,6,3,2,1][12]
[714133]
[11,10,9,8][3]
[11,10,9,6,3,2][12]
[11,10,9,6,3][11]
[709591]
[2,3,7,10,11][11]
[2,3,7,10,9,8][12]
[2,3,7,6,5,4][8.5]
[2,3][1]
[2,1,0][2]
[713142]
[8,5][4.5]
[8,5,4][5.5]
[8][0]
[8,5,6,3,2][11]
[8,5][4.5]
[8,5,6,3][10]
[8,5,6,3,2,1][12]
[714173]
[11,10,9,6,3,2][12]
[11,10,9,8][3]
[707832]
[10,7,3,2,1,0][12]
[714179]
[11,10,6,3,2,1][12]
[714504]
[8,9,6,3,2,1][12]
[710294]
[0,1,2,3,7,10][12]
[717905]
[0,4,8,9,10,11][12]
[713133]
[8,9,6][5.5]
[8,9,6,3][10]
[8,9,6,3][10]
[8,9,6,3,2,1][12]
[8,9,10][2]
[8,9,10][2]
[8,9,6,3,2][11]
[8,9,6,5][6.5]
[713124]
[1,2,3,6,10][11]
[1,2,3,6,10,11][12]
[712348]
[8,9,10,7,3,2][12]
[713075]
[0,1,2,3][3]
[0,1][1]
[0,1,2][2]
[0,1,2,3,6,10][12]
[0,1,2,3,6,10][12]
[0,1,2,3,6,5][8.5]
[714301]
[1,2,3,6,9,8][12]
[713069]
[1,2][1]
[1,2,3,6,5][7.5]
[1,2,3,6,5,8][12]
[1,2,3][2]
[1][0]
[713022]
[9,6,3,2,1,0][12]
[717251]
[0,4,8,9,10][11]
[0,4,5][5.5]
[0][0]
[0,4,5,6][6.5]
[0,1,2][2]
[0,4,5,6,7][7.5]
[0,4,5][5.5]
[0,4][4.5]
[0,4,8][9]
[0][0]
[0][0]
[0,1,2,3][3]
[0,1][1]
[0,4,8][9]
[0,4,5,6,7][7.5]
[0,4,8,9,10,11][12]
[0,1][1]
[0,4,5,6,7][7.5]
[0,4,8,9][10]
[0,4,5,6,7][7.5]
[0,4,5][5.5]
[0,1,2,3][3]
[0,4,8,9,10,11][12]
[0][0]
[0,4,8,9,10][11]
[0,4,8,9,10][11]
[0,4,8,9,10,11][12]
[0,4,8][9]
[0,1,2][2]
[0,1][1]
[0][0]
[0,1,2,3][3]
[714493]
[8,9,6,3,2,1][12]
[8,9,6,3,2][11]
[723987]
[8,9,10][2]
[8,4,0][9]
[8,9,10][2]
[8][0]
[8,4][4.5]
[8,4,5,6,7][7.5]
[8,4,0,1,2][11]
[8,9,10,11][3]
[8,4,0,1][10]
[8,9,10,11][3]
[8,4,5,6][6.5]
[8,4,0,1,2,3][12]
[8,4,0,1,2,3][12]
[8,4,5,6][6.5]
[8,4,5,6][6.5]
[8,4,0,1,2,3][12]
[8,4,0][9]
[8,9,10,11][3]
[8,4,5][5.5]
[8,4,0,1,2,3][12]
[8,4,0,1][10]
[8,9][1]
[8,4,5,6][6.5]
[8,4,0][9]
[8,4][4.5]
[8,4,5,6,7][7.5]
[8,4,0,1,2][11]
[8,4,0][9]
[8,9,10][2]
[8,4][4.5]
[8,9][1]
[8,4][4.5]
[8,4,5,6,7][7.5]
[8,4,0,1,2][11]
[8,4][4.5]
[8,4,5,6,7][7.5]
[8,4,0,1][10]
[8,9,10,11][3]
[8,4,0,1,2,3][12]
[8,4,5,6,7][7.5]
[8,4,0,1,2][11]
[8,4,5,6][6.5]
[8,4,5,6,7][7.5]
[8,9,10][2]
[8,4,5][5.5]
[8,4,0,1][10]
[8,4,5][5.5]
[8,4,5][5.5]
[8,9,10][2]
[8,4][4.5]
[8][0]
[8,4,5,6][6.5]
[8,9][1]
[8][0]
[8,4,0][9]
[8,9][1]
[8,4,0,1,2,3][12]
[8,9,10][2]
[8,4,0,1][10]
[8,9][1]
[8,4,0,1][10]
[8,9,10,11][3]
[8,9,10,11][3]
[8,4,0,1,2][11]
[707585]
[9,10,7,3,2,1][12]
[706927]
[8,9,10,7,3,2][12]
[718328]
[11,10,9,5,2,3][12]
[11,10,9,5][6.5]
[11,10,9,5,2,1][12]
[712070]
[10,7,3,2,1,0][12]
[712111]
[1][0]
[1,2,3,7,6,5,4][9.5]
[1,2,3,7,10,9][12]
[1,2][1]
[1,2,3][2]
[1,2,3,7,10,9][12]
[1][0]
[1,2,3,7,10,11][12]
[715694]
[9,8,4,0][10]
[9,8,4,0][10]
[9,8,4][5.5]
[9,8,4,0,1,2][12]
[9,8][1]
[718507]
[10,7,3,2,1,0][12]
[10,7,3,2][10]
[10,7][4.5]
[10,7,3][9]
[707543]
[1,2,3,7,10,11][12]
[718497]
[10,9,5,2,3][11]
[10,9,5,2,1,0][12]
[10,9,5,2,1,0][12]
[10,9,5][5.5]
[724691]
[1,5,8][9]
[1,2,3][2]
[1][0]
[1,5][4.5]
[1,5,8,9,10,11][12]
[1,5,8,9,10][11]
[1,5][4.5]
[1,5,8,9][10]
[1][0]
[1,2,3][2]
[1,5,8][9]
[1,5,6][5.5]
[1,5,8,9,10][11]
[1,5,8,9,10,11][12]
[1,5,6][5.5]
[1,5,8,9,10,11][12]
[1,5,8][9]
[1,5][4.5]
[1,5][4.5]
[1,5][4.5]
[1,2][1]
[1,5,8,9,10,11][12]
[718344]
[11,10,9,8,5,2][12]
[11,10,9,8][3]
[11,10,9,8,5,4][8.5]
[715709]
[11,10,6,3,2,1][12]
[715063]
[11,10,6,3,2,1][12]
[714967]
[1,2,3,6,10,11][12]
[718458]
[3][0]
[3,2,1,0,4,8][12]
[3,2,1][2]
[3,2,1,0][3]
[718312]
[11,10][1]
[11,10,6,2,1][11]
[11,10,6,2,1,0][12]
[707936]
[0,1,2,3,7,6,5,4][10.5]
[0,1,2,3,7,6,5,4][10.5]
[0,1,2,3,7,10][12]
[0,1,2][2]
[712141]
[9,10][1]
[9][0]
[9,8][1]
[9][0]
[9,10,7,3,2,1][12]
[9,8][1]
[724099]
[10,9][1]
[10,9,5,1,0][11]
[10,9,5,1,2,3][12]
[712060]
[9,10,7,3,2,1][12]
[718320]
[11,10,6,2,1,0][12]
[11,10][1]
[11,10,6,2,1][11]
[713759]
[9,6,3,2,1,0][12]
[724810]
[8,4][4.5]
[8,4,0,1,2,3][12]
[8,4,0,1][10]
[8,4,5][5.5]
[8,9,10,11][3]
[8,9,10][2]
[8,4,5][5.5]
[8,9][1]
[8,4,0,1][10]
[8,4,0,1,2,3][12]
[8][0]
[8,4,5,6][6.5]
[8,9,10][2]
[8,9,10,11][3]
[8,4,5,6][6.5]
[8,9,10,11][3]
[8][0]
[8,4,5][5.5]
[8,4,5][5.5]
[8,4,5][5.5]
[8,4,0,1,2][11]
[8,4,0][9]
[8,4,5][5.5]
[707591]
[1,2,3,7,10,11][12]
[711977]
[0,1][1]
[0,1,2,3,7,10][12]
[0,1,2,3][3]
[712042]
[11,10][1]
[11,10,7,6][6.5]
[11,10,7,3,2,1][12]
[712080]
[9,10,7,3,2,1][12]
[707023]
[11,10,7,3,2,1][12]
[11,10,7,3,2,1][12]
[707892]
[2,3,7,6,5,8][12]
[2,3,7,6][6.5]
[2,3,7,6][6.5]
[2,3,7][5.5]
[2][0]
[2,1,0][2]
[2,3,7,6,5][7.5]
[707053]
[2,3][1]
[2,3,7,10,9,8][12]
[724527]
[2,1,4,5,6,10][12]
[2,1,4,5,6,7][8.5]
[2,1,4][5.5]
[2,1,4,5,6,10][12]
[2,1,4,5,6,10][12]
[2,1][1]
[712082]
[1,2,3,7,6,9][12]
[1][0]
[1,2,3,7,6][7.5]
[713755]
[9,6,3,2,1,0][12]
[707531]
[2,3,7,10,9,8][12]
[716408]
[1,0,4,8,9][11]
[712266]
[8,9,10,7,3][11]
[709711]
[10,7,3,2,1][11]
[717213]
[8,4,5,6][6.5]
[8,4,0][9]
[8,4,0][9]
[8,4,0,1,2][11]
[721597]
[0,4,8,9,10][11]
[0,4,8,9][10]
[723223]
[1,2,6,10,11][11]
[709083]
[3,2,1][2]
[3][0]
[3][0]
[3,7,6][5.5]
[3,7,6,5][6.5]
[3][0]
[3][0]
[3,7,6][5.5]
[3][0]
[3,2][1]
[3,2,1,0][3]
[3,2][1]
[3,7,10][9]
[3,7,6,5][6.5]
[3,7,10,9][10]
[3,7,6][5.5]
[3,7,10,11][10]
[3,7,10,11][10]
[3,7,10,9,8][11]
[3,2,1][2]
[3,7,10,11][10]
[3,7,10][9]
[3,7,6][5.5]
[3,7,6,5][6.5]
[3,7,10,9][10]
[3,2][1]
[3,7,6,5,4][7.5]
[3,2,1][2]
[3,2][1]
[3,7,10,9,8][11]
[3,7,10][9]
[3,2,1,0][3]
[712436]
[2,3,7,10,11][11]
[713919]
[9,6,3,2,1][11]
[9][0]
[9,10][1]
[9,10,11][2]
[9,8][1]
[9,8][1]
[9,6,7][5.5]
[9,6,3][9]
[9,6,3][9]
[9,10,11][2]
[9,10][1]
[9,6,3,2][10]
[9,6,5][5.5]
[9,6,5][5.5]
[9,6,3,2,1][11]
[9][0]
[9,6,3][9]
[9][0]
[9,8][1]
[9,8][1]
[9,6,3,2,1][11]
[9,10][1]
[9,8][1]
[9,6,7][5.5]
[9,6,3][9]
[9,10][1]
[9,8][1]
[9,6,3,2][10]
[9,6,3][9]
[9,6,3][9]
[711219]
[2,3][1]
[2,3,7,10,9][11]
[723119]
[0,1,2,6,10][11]
[0,1,2,3][3]
[721636]
[0,4,8,9,10][11]
[715370]
[10,9,8,4,0][11]
[717245]
[8,4,0,1,2][11]
[8,4,0][9]
[718120]
[1,2,6,10,11][11]
[718754]
[11,10,9,6,3][11]
[11,10,9,8][3]
[715149]
[0,4,8,9,10][11]
[713849]
[2,3,6,9,10][11]
[2,3,6,9][10]
[2,3][1]
[716450]
[3,6,9,10,11][11]
[3,6,9][9]
[708898]
[9,10,7][5.5]
[9,10,7,3,2][11]
[9,10][1]
[714291]
[1,2,3,6,9][11]
[711351]
[8,9,10,7,3][11]
[8,9,10,11][3]
[716420]
[1,0,4,8,9][11]
[718684]
[11,10,9,5,4][7.5]
[11,10,9,5,2][11]
[711400]
[2][0]
[2,3,7,10,11][11]
[713201]
[3,6,9,8][10]
[3,6,9,10,11][11]
[3,6,9,8][10]
[3,6][4.5]
[711376]
[2,3,7,6,5,4][8.5]
[2,3,7,6,9][11]
[714697]
[2,3,6,10,11][11]
[715836]
[2,1,0,4,8][11]
[2,1,0][2]
[2,1][1]
[2,1,0][2]
[717227]
[8,4,0][9]
[8,4,0,1,2][11]
[8,4,5][5.5]
[722809]
[1,2,6,10,11][11]
[711138]
[3,7,10,9,8][11]
[715542]
[1,2,3,6,10][11]
[719701]
[1,2,6,10,11][11]
[710483]
[11,10,7,3,2][11]
[711106]
[9,10,7,3,2][11]
[707245]
[11,10,7,3,2][11]
[714578]
[2,3,6][5.5]
[2,3,6,5,4][7.5]
[2,3,6,9][10]
[2,3,6,9,8][11]
[717990]
[1,2,6,10,11][11]
[707285]
[2,3,7,10,11][11]
[710502]
[9,10,7,3,2][11]
[723032]
[0,1,2,3][3]
[0,1,2,5,6][7.5]
[0,1,2,5,8][11]
[0,1,2,5,6][7.5]
[714020]
[10,6,3,2,1][11]
[707247]
[8,9,10,7,3][11]
[714568]
[2,3][1]
[2,1,0][2]
[2,3,6,5,8][11]
[2,3,6,5,4][7.5]
[710651]
[2,3,7,10,11][11]
[2,1,0][2]
[2][0]
[2][0]
[2,3,7,6,5,4][8.5]
[2,3,7,10][10]
[2][0]
[2,3][1]
[2,1][1]
[2,3,7,6,5,4][8.5]
[2][0]
[2,3,7,10][10]
[2,3,7,10,11][11]
[2,1,0][2]
[714548]
[2,3,6,10,11][11]
[2,3,6][5.5]
[2][0]
[2][0]
[707271]
[9,10,7,3,2][11]
[714553]
[2,3,6,5][6.5]
[2,3][1]
[2,3,6,10,11][11]
[2,3][1]
[714047]
[9,6,3,2,1][11]
[717980]
[10,9,8,4,0][11]
[724071]
[1,4,5,9,10][11]
[1,2,3][2]
[1,4,5,6,7][7.5]
[1,4][4.5]
[1,4,5,9][10]
[1,4,5,6][6.5]
[710220]
[3,7,10,9,8][11]
[3][0]
[3,7,10][9]
[3,7,6,5,4][7.5]
[3,7,10,11][10]
[3,7,6,5][6.5]
[3,2,1][2]
[3,2][1]
[3,2,1,0][3]
[3,7,10,9][10]
[3,7,6,5,4][7.5]
[3,7,10][9]
[3,2,1][2]
[3,7,10,9][10]
[3,7,10][9]
[3,2][1]
[3,7,6][5.5]
[3,2,1,0][3]
[3,7,6][5.5]
[3,2,1][2]
[3,2,1,0][3]
[3,7,10,9,8][11]
[3,7,10,9][10]
[3][0]
[3,7,10,9][10]
[3,7,6,5][6.5]
[3,7,6][5.5]
[3,7,10,9][10]
[3,7,6,5][6.5]
[3,7,10][9]
[3,2,1][2]
[3,2][1]
[707163]
[3,7,10,9,8][11]
[719922]
[3,2,6,10,11][11]
[3,2,6][5.5]
[3,2][1]
[721575]
[1,4,8,9,10][11]
[1,4][4.5]
[713131]
[10,6,3,2,1][11]
[715464]
[0,4,8,9,10][11]
[724103]
[10,6,2,3][10]
[10,6,2,1,0][11]
[10,6,2,3][10]
[711184]
[3,7,10,9,8][11]
[711182]
[3,7,10,9,8][11]
[719618]
[11,10,6,2,1][11]
[717193]
[8][0]
[8,9,6,3,2][11]
[8,9,6,7][6.5]
[8,9,6,3][10]
[714659]
[0,4,5,9,10][11]
[0,4,5][5.5]
[0,1,2][2]
[0,4][4.5]
[0,1,2,3][3]
[0,4,5,9,10][11]
[0,1,2,3][3]
[713998]
[2,1][1]
[2,3,6,9,8][11]
[707922]
[2,3,7,6,5,4][8.5]
[2,3,7,10,11][11]
[2][0]
[2,3][1]
[707908]
[1,2][1]
[1,2,3,7,10][11]
[1,2,3][2]
[1,2][1]
[712278]
[2,3,7,10,9][11]
[714167]
[11,10,9][2]
[11,10,9,6,3][11]
[723052]
[11,7][4.5]
[11,7,6,5,2][11]
[11,7,6,5][6.5]
[11,7,6,5,4][7.5]
[714164]
[11,10,7,3,2][11]
[11,10,7][5.5]
[714610]
[2,3][1]
[2,3][1]
[2,3,6,10,11][11]
[709823]
[8,9,10,7,3][11]
[711741]
[3,7,10,9,8][11]
[714459]
[8,9,6,3,2][11]
[720273]
[0,1,2,6,10][11]
[0,1,2,3][3]
[712324]
[3,7,10,9,8][11]
[720279]
[0,1,2,5,9][11]
[0,1,2][2]
[720285]
[8,9,10][2]
[8,9,10,7,3][11]
[8,9,10,7][6.5]
[713291]
[2,3,6,10,11][11]
[720297]
[10,6,2,3][10]
[10,6,2,1,0][11]
[10,6][4.5]
[720070]
[11,10,6,2,1][11]
[713807]
[9,6,3,2,1][11]
[709877]
[2,3,7,10,11][11]
[721934]
[1,2,6,10,11][11]
[1][0]
[708447]
[9,10,7,3,2][11]
[721930]
[11][0]
[11,7,3,2,1][11]
[11,7,3][9]
[706413]
[8,9,10,7,3][11]
[713813]
[9,6,3,2,1][11]
[716406]
[1,2,3,6,10][11]
[716318]
[10,6,3,2,1][11]
[711688]
[2,3,7,10,9][11]
[716342]
[1,2,3,6,10][11]
[706648]
[3,7,10][9]
[3,7,10,9,8][11]
[707630]
[3,2][1]
[3,2][1]
[3,7,6][5.5]
[3,2,1,0][3]
[3,2,1,0][3]
[3,7,10,9,8][11]
[3,7,6,5,4][7.5]
[3,7,10][9]
[3,7,6][5.5]
[3,7,6,5,4][7.5]
[3,7,6,5,4][7.5]
[3,7,10,11][10]
[3][0]
[3][0]
[3,7][4.5]
[3,7][4.5]
[3,7][4.5]
[3,2,1][2]
[3][0]
[3,7,6,5,4][7.5]
[3,7][4.5]
[3,7,10][9]
[3,7,10,9,8][11]
[3,2,1,0][3]
[3][0]
[3,2,1,0][3]
[3,2][1]
[3,7,6][5.5]
[3,7,10,11][10]
[3,7,10][9]
[3,7,6][5.5]
[3,7,6][5.5]
[3,2,1][2]
[3][0]
[711792]
[10,7,3,2,1][11]
[10,7,6,5][6.5]
[715319]
[2,3,6,10,11][11]
[706781]
[3,7,10,9,8][11]
[714423]
[8,9,6,5,4][7.5]
[8,9,10][2]
[8,9,6,3,2][11]
[8,9,6,5,4][7.5]
[8,9,6,3][10]
[8,9,6,5][6.5]
[8,9,10][2]
[8,9,6,3][10]
[712169]
[10,7,6,5][6.5]
[10][0]
[10,7,6,5,4][7.5]
[10,7,3][9]
[10,11][1]
[10,7,6,5,4][7.5]
[10,9][1]
[10,7,3,2,1][11]
[10,11][1]
[717610]
[0,4,8,9,10][11]
[714413]
[10,6,3,2,1][11]
[713583]
[3,6,9][9]
[3,6,9,8][10]
[3,6,5][5.5]
[3,6,7][5.5]
[3][0]
[3,6,9][9]
[3,2][1]
[3][0]
[3,6,5][5.5]
[3,2,1,0][3]
[3,6,5][5.5]
[3,6,5][5.5]
[3,6,5][5.5]
[3,6,5,4][6.5]
[3,6,9,10,11][11]
[3,2,1,0][3]
[3,2,1,0][3]
[3,2][1]
[3,2,1,0][3]
[3,6,9,10][10]
[3,2,1,0][3]
[3,6,9,10][10]
[3,6,5,4][6.5]
[706666]
[3,7][4.5]
[3,7,10,9,8][11]
[716316]
[0,4,8,9,10][11]
[718256]
[1,4,8,9,10][11]
[1,4][4.5]
[715901]
[0,1,2][2]
[0,4,8,9,10][11]
[0,4,8][9]
[0,4,8,9][10]
[0,4][4.5]
[0,4,5,6][6.5]
[0,4,5][5.5]
[0,4,5][5.5]
[0,4,5,6,7][7.5]
[0,4][4.5]
[0,1,2,3][3]
[0,4,5][5.5]
[0,1,2,3][3]
[0,4,5,6,7][7.5]
[711753]
[2,3,7,10,11][11]
[708439]
[11,10,7,3,2][11]
[712833]
[8,9,6,3,2][11]
[720237]
[0,1,2,3][3]
[0,1,2,6][6.5]
[0,1,2,6,10][11]
[720245]
[0,4,8,9,10][11]
[707573]
[11,10,7,3,2][11]
[706513]
[2,3,7,10,9][11]
[709733]
[2,3,7,10,11][11]
[713832]
[10,6,3,2,1][11]
[10][0]
[715115]
[2,3,6,10,11][11]
[721819]
[10,9,8,4][6.5]
[10,9,8,4][6.5]
[10,9,8,4,0][11]
[715841]
[8,4,0,1,2][11]
[706921]
[3,7,10,9,8][11]
[723321]
[2,6,9][9]
[2,6,7][5.5]
[2,6,9,10,11][11]
[717316]
[10,9,8,4,0][11]
[714482]
[8,9,6][5.5]
[8,9,6,3,2][11]
[716378]
[0,4,8,9,10][11]
[721704]
[8,4,1,2,3][11]
[8,4,1][9]
[722508]
[10,9,8,4,0][11]
[721692]
[10,9,5][5.5]
[10,9,5,4,0][11]
[10,9][1]
[722546]
[9,8,4,0,1][11]
[9,8,4,0][10]
[714329]
[10,6,3,2,1][11]
[714726]
[3,2][1]
[3,6,9,8][10]
[3][0]
[3][0]
[3,2,1][2]
[3,6,9,8][10]
[3,6,9,10,11][11]
[3,2,1][2]
[3,6,9,8][10]
[714485]
[8,5,4][5.5]
[8,5,6,3,2][11]
[707523]
[1,2,3,7,10][11]
[724563]
[1,2,6,10,11][11]
[1,2][1]
[714313]
[8,9,6,3,2][11]
[712759]
[2,3,6,10,11][11]
[718682]
[1,2,6,10,11][11]
[710104]
[9,10,7,3,2][11]
[723677]
[11,10,9,5,1][11]
[712434]
[3,7,10,9,8][11]
[708471]
[10,7,3,2,1][11]
[722395]
[1,2,6,10,11][11]
[722397]
[1,2,6,10,11][11]
[712659]
[8,9,10,7,3][11]
[714380]
[1,2,3,6,9][11]
[1,2,3,6,5][7.5]
[1,2,3,6,7][7.5]
[724762]
[8,5,1,2][10]
[8,5,1,2,3][11]
[8,5,1][9]
[8,5][4.5]
[8,9,10,11][3]
[8,9,10][2]
[8,5][4.5]
[8,9][1]
[8,5,1][9]
[8,5,1,2,3][11]
[8][0]
[8,5,6][5.5]
[8,9,10][2]
[8,9,10,11][3]
[8,5,6][5.5]
[8,9,10,11][3]
[8][0]
[8,5][4.5]
[8,5][4.5]
[8,5][4.5]
[8,5,1,2][10]
[8,5][4.5]
[8,5,1,2,3][11]
[720699]
[11,10,6,2,1][11]
[714945]
[8,4,0,1,2][11]
[712706]
[3,7,6,5,4][7.5]
[3,7,10][9]
[3,2][1]
[3,7,6,5,4][7.5]
[3,7,10][9]
[3,7,10,9,8][11]
[714476]
[8,5][4.5]
[8,5,6,3,2][11]
[713675]
[2,3,6,9,8][11]
[717385]
[3,6,9,10,11][11]
[3,6,9,10][10]
[3][0]
[3,6,9][9]
[3,6,9][9]
[720057]
[3,2,1,4][6.5]
[3,2,1,4,8][11]
[3,2,1][2]
[721827]
[7,6,5,4,8,9,10,11][10.5]
[7,6,5,4,0,1][8.5]
[7,6,5,4,0,1,2,3][10.5]
[7,6,5,4,0][7.5]
[7,6,5,4,8,9,10,11][10.5]
[7,6,5,4,8][7.5]
[7,6,5][2]
[7,6,5,4,8][7.5]
[7,6,5,4,8,9,10,11][10.5]
[7,6,5,4,8][7.5]
[7,6,5,4,0,1][8.5]
[7,6,5,4][3]
[7,6,5,4,0][7.5]
[7,6,5,4,0,1,2][9.5]
[7,6,5,4,0,1,2,3][10.5]
[7,6,5,4,0,1,2][9.5]
[7,6,5,4,0,1][8.5]
[7,6,5,4,0,1,2][9.5]
[7,6,5][2]
[7,6,5,4,8][7.5]
[7,6,5,4,0][7.5]
[7,6,5,4,0,1,2][9.5]
[7,6,5,4,0][7.5]
[7,6,5,4][3]
[7,6,5,4,8,9,10][9.5]
[7,6,5,4,0,1,2,3][10.5]
[7,6,5,4,8,9,10,11][10.5]
[7,6,5,4,8,9][8.5]
[7,6,5,4,0,1,2,3][10.5]
[7,6,5,4][3]
[7,6,5,4,8][7.5]
[7,6,5,4][3]
[7,6,5,4,0,1][8.5]
[7,6,5,4,0,1][8.5]
[7,6,5,4,0,1][8.5]
[7,6,5,4][3]
[7,6,5][2]
[7,6,5,4,0][7.5]
[7][0]
[7,6,5,4,0,1,2,3][10.5]
[7,6,5][2]
[7,6,5,4,8][7.5]
[7,6,5,4,0,1,2][9.5]
[7,6,5,4,0,1,2][9.5]
[7,6,5,4,8][7.5]
[7,6,5,4][3]
[7,6,5,4,8,9,10,11][10.5]
[7,6,5,4,0][7.5]
[7,6,5,4,0][7.5]
[7,6,5][2]
[7,6,5,4,8,9,10][9.5]
[7,6,5,4,0,1,2][9.5]
[7,6,5,4,8,9][8.5]
[7,6,5,4,0][7.5]
[7,6,5,4,8,9,10][9.5]
[7,6,5,4,0,1,2,3][10.5]
[7,6,5,4,8,9,10,11][10.5]
[7,6,5,4,0,1,2][9.5]
[7,6,5,4,8][7.5]
[7,6,5,4,0,1][8.5]
[7,6,5][2]
[7,6,5,4,8][7.5]
[7,6,5,4,0,1][8.5]
[7,6,5,4][3]
[7,6,5,4,8,9,10][9.5]
[7,6,5,4,0,1][8.5]
[7,6,5,4][3]
[7,6][1]
[7,6][1]
[7,6,5,4,8,9,10,11][10.5]
[7,6,5][2]
[7,6,5,4,0,1,2][9.5]
[7,6,5,4,8][7.5]
[7,6,5,4,8][7.5]
[7,6,5,4][3]
[7,6,5,4][3]
[7,6,5,4,8,9,10][9.5]
[7,6,5,4,0,1,2][9.5]
[7,6,5,4,8,9,10][9.5]
[7,6][1]
[7,6,5,4,8,9,10,11][10.5]
[7,6,5,4,8,9,10,11][10.5]
[7][0]
[7,6,5,4,8,9,10,11][10.5]
[7,6,5,4][3]
[7,6,5,4,8,9,10][9.5]
[7,6,5,4,8][7.5]
[7,6,5,4,8,9,10,11][10.5]
[7,6,5,4,8,9,10,11][10.5]
[7,6,5,4,0,1,2,3][10.5]
[7,6,5,4,8,9][8.5]
[7,6,5,4,0,1,2][9.5]
[7,6,5,4,8,9,10,11][10.5]
[7,6,5,4,0][7.5]
[7,6,5,4,0,1,2][9.5]
[7,6,5,4,0][7.5]
[7,6,5,4,0,1,2,3][10.5]
[7,6,5,4,0,1,2,3][10.5]
[7,6,5][2]
[7,6,5,4][3]
[7,6,5,4,8,9,10,11][10.5]
[7,6,5,4,8,9][8.5]
[711998]
[0,1,2][2]
[0,1,2,3,7,6,5,4][10.5]
[709523]
[4,5,8][5.5]
[4][0]
[4][0]
[4,5,6,7,3][7.5]
[4,5,6,7,3,2,1,0][10.5]
[706759]
[4,5,6,7,3,2,1,0][10.5]
[709895]
[4,5,6,7,3,2,1,0][10.5]
[714061]
[7,6,3,2,1][7.5]
[7,6,3,2,1,0][8.5]
[7,6,3][5.5]
[7,6,5,4][3]
[7,6,5][2]
[7,6,5,4][3]
[7,6,3,2,1][7.5]
[7,6,3,2][6.5]
[7,6,5][2]
[7,6,5,4,8,9][8.5]
[7,6,3,2][6.5]
[7,6,3,2][6.5]
[7,6,3,2,1,0][8.5]
[7,6][1]
[7,6,5,4,8,9,10][9.5]
[7,6][1]
[7,6,5,4,8,9,10,11][10.5]
[7][0]
[7,6,3,2][6.5]
[7,6,5,4,8,9][8.5]
[7,6,5,4,8,9,10,11][10.5]
[7,6,3,2][6.5]
[7,6,5,4,8][7.5]
[7,6,3,2,1][7.5]
[7,6,5,4,8,9,10][9.5]
[7,6,5,4][3]
[7,6,5][2]
[7,6,5][2]
[7,6,5,4,8,9,10,11][10.5]
[7,6,3,2,1,0][8.5]
[7,6,5,4,8,9][8.5]
[7,6,5,4][3]
[7,6,5][2]
[7,6,3][5.5]
[7,6][1]
[7,6,5,4][3]
[7,6,5,4,8,9,10,11][10.5]
[7,6,3,2,1,0][8.5]
[7,6,5,4,8,9,10,11][10.5]
[7,6,3,2,1,0][8.5]
[7][0]
[709737]
[0,1,2,3,7,6,5,4][10.5]
[714256]
[7,6,3][5.5]
[7][0]
[7,6,5,4,8,9,10,11][10.5]
[7,6,5,4,8,9][8.5]
[7,6][1]
[7,6,3,2][6.5]
[7,6,5,4][3]
[7,6,5][2]
[7,6,3][5.5]
[7,6,3,2,1][7.5]
[7,6,3,2,1,0][8.5]
[7,6,3][5.5]
[7,6,5,4,8,9,10][9.5]
[7,6,3][5.5]
[7,6,5][2]
[7][0]
[7,6,5,4,8][7.5]
[7,6,5,4][3]
[7,6,3][5.5]
[7,6,3,2,1][7.5]
[7,6,3,2,1,0][8.5]
[7,6,5,4][3]
[7,6,5,4][3]
[7,6,5,4,8,9,10,11][10.5]
[7,6,5,4,8,9,10,11][10.5]
[7,6,5][2]
[676626]
[7,6,5,4][3]
[7,6,5,4,8,9,10,11][10.5]
[717638]
[7,6,5][2]
[7,6,5,4][3]
[7,6,5,4,0,1,2,3][10.5]
[7,6,5,4,0,1,2][9.5]
[7,6,5,4,0][7.5]
[7,6,5,4,8][7.5]
[7,6,5,4,8][7.5]
[7,6,5,4,0,1][8.5]
[7,6,5,4,8,9][8.5]
[7,6,5,4,0,1,2,3][10.5]
[7,6][1]
[7][0]
[7,6][1]
[7,6,5,4][3]
[7,6,5,4][3]
[7,6,5,4,0,1,2][9.5]
[7,6][1]
[7,6,5,4,0,1,2][9.5]
[7,6,5,4,0,1,2][9.5]
[7,6,5,4,8,9,10,11][10.5]
[7,6,5,4,8,9,10,11][10.5]
[7,6,5,4,8,9,10][9.5]
[7,6,5,4,0][7.5]
[7,6,5,4,0,1,2,3][10.5]
[7][0]
[7,6,5,4,0][7.5]
[7,6,5,4,0,1,2][9.5]
[7,6,5,4,0,1][8.5]
[7,6,5,4,0,1][8.5]
[7,6,5,4,8][7.5]
[7,6,5,4,8,9,10,11][10.5]
[7,6,5,4,0,1,2][9.5]
[7][0]
[7,6,5,4,8,9][8.5]
[7,6][1]
[7,6,5,4,8,9,10,11][10.5]
[7,6,5,4][3]
[685282]
[7,6,5][2]
[7,6,5,4,8,9][8.5]
[7][0]
[7,6,5,4][3]
[7,6,5,4,8,9,10,11][10.5]
[710399]
[4,5,6,7][3]
[4,5,6][2]
[4,5,6,7,10,9][8.5]
[4,5,6,7,3,2,1][9.5]
[4,5,6,7,3][7.5]
[4][0]
[4,5,6,7,3,2,1][9.5]
[4][0]
[4,5,6,7,10,11][8.5]
[4,5,6,7][3]
[4,5,6,7,10,9,8][9.5]
[4,5,6,7,10,9][8.5]
[4,5,6,7,10,9][8.5]
[4,5,6,7,3][7.5]
[4][0]
[4][0]
[4,5,6,7,10,11][8.5]
[4,5,6,7,10,9,8][9.5]
[4,5,6,7,3,2,1][9.5]
[4,5,6,7,3,2][8.5]
[4,5,6,7,10,9,8][9.5]
[4,5,6,7,10,9,8][9.5]
[4,5,6,7][3]
[4,5,6,7,10][7.5]
[4,5,6,7,3,2,1][9.5]
[4,5,6,7,3,2,1,0][10.5]
[4,5,6,7,10,9,8][9.5]
[4,5,6,7,3,2][8.5]
[4,5,6,7,10,9][8.5]
[4,5,6,7,3,2,1][9.5]
[4,5,6,7,10,11][8.5]
[4,5,6,7,10,9,8][9.5]
[4,5,6,7,3,2,1][9.5]
[4,5,6,7][3]
[4,5,6,7,3,2][8.5]
[4,5,6,7][3]
[4,5,6,7,3,2][8.5]
[4,5,6,7,3][7.5]
[4,5,6,7,3,2][8.5]
[712078]
[4,5,6,7,3,2,1,0][10.5]
[711482]
[0,1,2,3,7,6,5,4][10.5]
[0][0]
[711825]
[4,5,6,7,3,2,1,0][10.5]
[4][0]
[685040]
[7,6,5,4,8][7.5]
[7,6,5,4,8,9,10][9.5]
[7,6,5,4,8][7.5]
