[Die0,Die4]
[6] 4
[Die3,Die7]
[8] 4
[Die0,Die4]
[18332,8127,23549,21944]zheng4
[24854,21743,24151,6]zheng4
[22345,19335,23148,19937]zheng4
[17529,10528,18934,20138]zheng4
[20539,23750,7920,19536]zheng4
[18733,21141,22546,7671]zheng4
[7803,17227,18695,17197]zheng4
[15323,18575,23535,17257,14371,5975,16205,22215]zheng8
[17277,20511,7367,16993]zheng4
[13363,7908,18567,7019]zheng4
[5253,19223,15775,15693,22191,14057,14021,21727]zheng8
[25229,17469,21555,15249]zheng4
[15983,5561,6537,14415,16723,20985,13831,24001]zheng8
[15643,25077,15603,16149,21007,14845,17483,17075]zheng8
[17937,14955,17373,16073,16739,13783,14505,24667]zheng8
[17349,7695,25295,16041,22841,15555,22945,6123]zheng8
[14877,25071,6707,7483,17195,7497,16047,7638]zheng8
[6497,16655,21657,24073,18599,13879,17987,13587]zheng8
[17039,15461,6337,15483,16821,23537,5611,5609]zheng8
[6145,24733,13605,13435,13703,5571,5573,16557]zheng8
[16321,17049,5621,5937,7009,15733,5887,16233]zheng8
[6799,16413,5365,16559,24727,23957,19315,25331]zheng8
[23437,17403,25166,13809,20977,7677,25113,18721]zheng8
[5225,16791,16905,16547,5479,16099,5817,6959]zheng8
[6603,5097,13723,14469,15499,6881,22935,14237]zheng8
[19285,23387,22911,13083,20515,6459,21083,21561]zheng8
[13845,5681,6199,7125,7339,16109,5743,7493]zheng8
[6323,16035,7051,25298,6469,15177,20485,16669,6563,25319,6819,15075]zheng12
[16141,24597,14399,15293,13929,14157,14369,15463,16895,17129,19191,19183,18671,18643,21103,15037]zheng16
[15465,5293,15477,7487,17959,5811,5825,7597,22859,19303,19311,14967,16401,18585,20961,16453]zheng16
[15807,12939,12937,15831,12969,7413,7325,5881,23487,5075,14495,15223,5199,24033,23441,14637]zheng16
[7293,5495,6047,5935,24647,13651,13639,23547,13221,13219,23367,15787,18555,6425,7197,20395]zheng16
[12987,15067,6373,18557,25211,16957,20353,17997,17993,6447,6755,22769,19325,5441,18569,7881]zheng16
[24583,24563,14521,15627,14101,14111,14365,5349,16721,22259,25259,19807,20957,16481,22791,7207]zheng16
[5971,5969,14751,20949,14609,15375,6195,6735,24145,16953,5599,16969,24107,16987,17003,25144]zheng16
[15113,5933,16103,7179,16051,21009,17199,16021,19929,15135,19249,25283,7311,7295,7285,7241]zheng16
[21087,7599,13189,13141,19213,13073,13059,19317,23519,14143,13549,13537,17285,16039,5839,16629]zheng16
[16151,16231,25129,20417,14995,18063,19889,7399,6403,16531,16457,16425,21565,5645,6087,14043]zheng16
[7239,13629,7752,6633,6583,6557,14053,22171,5213,22759,15201,16679,6503,6499,16397,14379]zheng16
[5113,15565,14259,14549,14687,15435,22795,16577,5815,6155,25178,6113,17083,13861,24053,5659]zheng16
[18001,19827,19835,18071,5091,22853,16811,14527,14367,16423,6111,21101,15965,5785,15957,5757]zheng16
[19759,19253,25310,13979,13849,21015,24003,24027,19877,13447,7485,15147,13905,13921,21741]zheng16
[13775,21669,24131,21673,22777,19845,14265,14297,16683,6849,16985,16919,25135,18725,18719,18693]zheng16
[23525,5715,14937,6351,14699,6435,5095,17289,5809,16519,17073,16131,15715,6717,6681,16835]zheng16
[12951,19233,6141,18633,8083,7893,25352,18105,18097,7547,17949,16399,7381,15561,6085,5387]zheng16
[13043,14003,15345,16143,6165,17177,6185,16899,14509,14439,22933,14067,6197,6519,5431,6159]zheng16
[17385,12933,13295,7827,17463,20397,14863,14861,22159,7133,17291,16013,6995,6931,17067,21667]zheng16
[21342,17730,20740,24352]f4
[18131,22947,24753,25110]f4
[25074,7686,25187,25160]f4
[13805,13967,15755,15125]f4
[15015,20507,25181,17395]f4
[23529,7053,7001,23379]f4
[13049,6685,6599,16675]f4
[7343,17489,16505,6305]f4
[15523,14567,14639,15803]f4
[15757,5577,22839,14267]f4
[21665,16855,6259,6357]f4
[17477,16605,23465,7395]f4
[6545,21123,7003,18091]f4
[6607,13563,13635,21085]f4
[16981,16991,13077,13203]f4
[13583,15061,13205,14887]f4
[22903,15355,20497,14571]f4
[15843,24669,16043,15273]f4
[24705,5915,24115,7830]f4
[19321,14865,14261,16295]f4
[16299,21135,13207,17203]f4
[13495,7103,14105,17281]f4
[7393,21651,16829,16761]f4
[6551,20967,16633,6427]f4
[7265,16349,16213,16049]f4
[5703,5221,14343,19307]f4
[14987,21023,14073,18543]f4
[14943,21005,20461,19907]f4
[13983,25313,13609,15133]f4
[20499,8097,13923,7809]f4
[17931,5449,21049,5603,15815,6251,7275,16473]f8
[13149,8031,16235,16747,7201,16183,23527,17169]f8
[6289,6433,16315,22813,14909,6941,17105,13599]f8
[14793,5773,7650,13843,5509,16331,19235,5501,16429,13829,6265,16451]f12
[15931,14451,24147,6129,24687,19225,6243,20405,5389,16199,5401,6023,15495,15485,15623,16257]f16
[5187,5453,15541,14277,14145,5673,15587,22761,16181,15665,16165,24735,15437,24149,16253,24021]f16
[6801,13057,14097,13087,13151,21597,13581,17107,21107,20963,14113,15009,14661,23439,15003,23507]f16
[25274,24051,6007,14707,14683,6291,16837,13037,7033,5545,21553,14035,7159,14789,14813,13539]f16
[5663,15941,16319,5769,7083,13565,7139,23541,6347,20997,6365,17473,17995,7707,18123,16717]f16
[12935,6317,22293,6341,18667,17521,13811,14205,14059,6659,14775,7209,17287,7111,7047,17147]f16
[14229,16599,19155,6429,7459,13023,8125,14331,14133,13755,15805,20509,7255,17419,7225,16247]f16
[5693,5657,14253,13451,22879,7618,24711,14511,15239,24625,14443,24623,19291,15283,25132,6539]f16
[13705,13025,13749,23955,22165,21071,20999,20465,20411,20363,19831,5241,18657,18057,18033,17955]f16
[18031,7525,7415,14221,13813,23993,24143,7267,7259,22863,7073,22287,17193,21125,14203,22849]f16
[16201,6021,14287,16161,5955,5947,13957,16081,17095,6909,17047,17045,17041,16923,14825,6625]f16
[23523,23513,13257,23415,6481,6463,19803,22763,5439,15563,5347,15509,5045,14551,24737,6093]f16
[22751,22307,22223,22179,19331,19277,19187,19179,14721,5287,14631,16571,16443,6179,15681,15677]f16
[16787,16785,16777,16769,6591,6573,16731,16677,15153,15077,15063,22887,15669,14673,5233,15655]f16
[13787,18069,16719,5795,15045,24559,6827,15351,14321,6945,22343,16323,13247,22313,7013,13269]f16
[25307,5185,14209,24717,19855,6367,14463,24577,16883,15675,15661,14271,16223,23383,14079,13283]f16
[24061,5015,16521,21563,20993,16593,21013,5267,5231,17187,7767,14749,17965,7185,16395,17319]f16
[14299,5637,5725,15635,14179,14437,17185,6413,6437,6529,7589,16757]f12
[17397,17011,17035,13137,13341,13417,24719,15151,14501,19199,19329,5713,20409]f16
[Die3,Die7]
[7656,7620,25156,7659]zheng4
[7764,7749,20995,15729]zheng4
[22235,14071,14005,17219,24125,16841,21089,6671]zheng8
[23445,17023,6821,7373,7607,18641,15397,6897,18627,17069,20979,24613]zheng12
[14935,22889,16195,14971,16209,5977,22341,5643]zheng8
[14785,7379,8079,14483,7824,23971,20505,21043]zheng8
[15205,13155,13183,23407,21659,17133,20365,25247,16729,14251,16697,14291,6349,6515,16289,24601]zheng16
[15383,7419,7489,7527,7674,16329,16271,16893]zheng8
[5227,5717,5753,15331,15347,25343,15325,5193,8063,7821,16371,13031]zheng12
[7839,15333,18663,25141,22775,15593,15285,14077]zheng8
[8039,5077,5863,16203,18677,6577,14175,14241]zheng8
[15961,6055,18595,25175,5461,16765,13807,15573]zheng8
[14479,7890,16105,5877,6769,13511,16477,16941]zheng8
[5089,25184,16971,6105,14063,16407,22151,5709]zheng8
[14733,14745,16637,5793,8085,8059,18711,8055,18681,8025,7887,21633,18011,18005,17975,24085]zheng16
[14535,24653,14543,15227,15319,15507,15521,5547,17137,15349,14603,17181,24607,17971,17947,18535]zheng16
[15999,17447,16627,6183,6521,14323,14017,22311,21073,24037,13695,21569,13671,20969,21615,13577]zheng16
[6449,16375,6211,6213,16585,5833,5835,5397,6749,6937,5129,24741,19157,13555,13487,20347]zheng16
[6691,6841,24615,15195,23433,13113,14319,19295,22771,12961,13289,8103,19903,19873,19871,14847]zheng16
[6037,14401,7283,15069,7287,7223,22939,17515,18055,22921,7397,16243,22897,7531,14393,16211]zheng16
[16665,15801,16335,6167,5201,17205,7039,15629,7069,15711,7077,6101,16193,18083,18045,18021]zheng16
[13835,13961,14425,24569,14461,12973,8117,24729,13067,15731,7345,5683,20525,6747,6825,16947]zheng16
[13981,13999,14001,14131,16317,14273,14373,14351,24697,23521,23455,13277,18619,6397,22819,25241]zheng16
[18043,17935,7635,7613,22929,15937,17437,15963,5941,13559,23991,5351,15055,15103,15109,8067]zheng16
[5207,14361,14353,7417,13623,13613,15543,23533,19323,25059,7211,7193,7029,16847,19927,16541]zheng16
[24137,7770,16485,6263,19793,17313,17279,16833,6983,17125,20403,21601,22815,25163,6443,18537]zheng16
[20533,15315,7473,14613,19211,15257,13769,24671,16463,16461,14377,6207]zheng12
[7716,7057,18675,6951,15253,7833,18615,21047,14759,16255,5779,15939]zheng12
[13209,5985,5965,25083,16229,5875,13099,15971,7123,19843,5543,17255,13301,6013,7271,23501]zheng16
[22305,6119,25250,14839,19819,7227,15825,15819,6091,22315,21617,6137]zheng12
[13157,13199,15379,5699,6507,13945,6457,22807,6689,16845,14183,22281,15605,16581,24057,6193]zheng16
[14281,22833,21663,6419,16383,16881,16287,16843,16573,25120,7794,22255,16501,13881,19169,13223]zheng16
[15905,7037,21699,25337,8119,13143,19867,14765,18645,13913,13619,17115,19135,7710,14911,24747]zheng16
[5537,5695,15415,6359,13261,14233,6405,13543,5195,14587,14893,14597]zheng12
[16493,13365,20345,13611,5435,15599,15671,5343,19289,13741,25223,25107]zheng12
[23961,7698,13673,13637,15387,13243,17179,6493,6815,21115,20991,16587,25205,16733,25193,19259,17071,6905,5127,17111]zheng20
[14925,17451,23463,17417,14815,16275,22877,6793,21029,13767,14541,20983,21735,23497,7061,7319]zheng16
[24077,7701,25286,5313,7331,25271,14381,25289,5587,7782,24567,6619,7513,19251,18707,19265]zheng16
[6731,17087,13515,6895,15363,19895,25235,13603,25256,8123,24605,8081,16491,18551,22937,6401]zheng16
[13633,21557,13685,13699,21055,19791,13039,13047,14359,23417,22273,14087,15129,15095,17335,5889]zheng16
[21593,14029,23489,13317,13339,19917,21675,13379,13475,20433,20453,22161,13739,13897,13859,23995]zheng16
[18659,24553,24571,25092,22799,13079,22331,14317,23427,14075,13265,13267,19829,19853,5203,17059]zheng16
[5521,15797,17303,15861,5701,7147,15899,16901,16819,15567,7761,15497,16907,16931,14531,24699]zheng16
[6311,16361,6451,15659,15645,16751,7806,5429,15269,14513,14507,6879,16159,16217,14917,18023]zheng16
[13117,19771,19787,23397,17117,14589,17159,14611,14619,17053,14653,17229,14833,15989,15051,17431]zheng16
[5291,13951,13947,13933,5275,15295,19193,24707,13727,15085,6491,6343,15613,15181,8057,6699]zheng16
[16369,7755,7593,16671,22301,7743,7905,14099,16179,17351,13457,15357,5617,15785,19749,13281]zheng16
[15145,21113,7605,15263,15919,13327,13507,13505,23435,13091,14823,13463,20421,7854,17321,17065]zheng16
[15411,15421,23473,7075,16019,12989,15215,20503,7143,23381,15049,15901,14563,20391,6889,7113]zheng16
[15307,14525,15131,16945,8069,22905,5197,14197,15595,22231,18687,7653,14103,6617,14137,17951]zheng16
[7085,14407,6225,5761,6385,23351,16903,20975,20943,6915,13791,16983,7629,5209,5409,14025]zheng16
[7740,7623,25172,25208]f4
[7641,25062,7728,7818]f4
[5555,5821,17969,23353,18609,14799,5393,21057,21639,23375,18661,13237]f12
[19215,16027,6029,16239,14503,19859,17399,24631,14579,7433,7509,14559]f12
[6891,17057,6309,16741,22803,7063,16775,6575]f8
[5803,16005,15995,17269,5837,17173,16093,5921]f8
[6927,17485,14457,5477,8121,7788,21585,16341,5255,17941,17953,18017]f12
[17379,17383,16325,6361,14905,14695,17325,17317]f8
[14645,5553,5575,17271,13759,22203,23355,13291]f8
[7911,12983,22753,21119,21133,13837,13041,13051]f8
[19901,21581,13089,13777,16347,6201,23431,13297,5527,7155,14397,13803]f12
[20473,20387,17513,18067,5907,19201,13343,8109,5011,14965,15279,15291]f12
[16129,19319,16157,6859,22233,13975,13969,22867,13711,13687,13675,24561,7533,14417,16345,14357]f16
[16681,24133,24059,6505,19767,22327,18625,7191,6957,7101,21683,15137,21677,17315,18087,5981]f16
[23973,16455,16359,16951,5451,25340,16831,14433,17019,16601,6651,6423,20447,17139,20493,25123]f16
[7899,18073,7851,16015,5559,15745,15761,22261,20467,17283,17299,20349,19217,15161,25349,18561]f16
[6387,13839,16825,24005,15871,5729,12965,5751,5995,6009,6015,7389,7371,14459,5281,5277]f16
[15547,13489,16609,14049,14697,13467,13389,13315,16219,16189,20501,20537,6011,25316,7341,7427,22227,6075,7429,19309]f20
[14129,16693,16691,16685,7469,5953,7467,16163,14519,5071,24627,24621,5135,15313,14569,5179]f16
[16921,13819,7537,15767,5951,14641,15467,24635,5183,5219,15713,13011,19879,14735,21577,14961]f16
[6867,7812,13743,13735,21121,20359,19149,25238,17131,25253,19823,19313,25126,18691,22177,20401]f16
[17365,13103,13129,20429,15187,7519,25277,5035,16351,20407,20367,6231,22797,24049,24099,15743]f16
[21011,21027,15247,8095,5327,14953,7704,15531,16173,7559,18607,7848,13915,6837,6969,21713]f16
[6657,13019,5427,15611,13053,13071,7199,13941,13579,5945,6489,21731,13677,25080,7087,13707]f16
[14797,5615,21063,6005,14607,5849,6715,22831,19887,17259,17153,6751,13461,14161,16645,24751]f16
[14151,23471,5775,14275,15533,20491,7683,14931,18727,5827,16117,22237,21705,6065,15139,6329]f16
[22173,22221,22943,7025,13895,17429,15707,24087,6335,5805,13355,6363,16489,7121,21687,6921]f16
[15299,5541,7561,17423,24083,22229,23975,13939,16853,13827,16879,16929]f12
[13249,15265,14933,15575,7321,18077,7409,18553,5111,15433,5265,6033]f12
[17439,17479,13871,16817,16603,13481,21729,25086,6997,16869,13419,22277]f12
[7153,6705,13857,17027,13823,6321,18593,13423,16663,16687,6535,17221]f12
[6729,24013,22793,14047,6781,6785,16085,6839,5671,14727,15503,8107,7167,16139,15935,16269]f16
[25328,20495,7719,7545,6965,13927,14033,14081,7217,18647,5745,17359]f12
[16621,15921,24639,5149,7329,14147,7403,14201,5569,5565,19263,19739,7431,7463,18079,21111,21137,13275,13527]f20
[15765,18603,17371,15915,7015,6999,24573,6701,6803,8027,14565,19883]f12
[17433,19281,13903,23997,13303,23477,14051,13263,23377,7815,25104,19781,5271,15699,6863,14669]f16
[5061,15231,24579,15571,5099,14691,14899,25226,16933,14285,5381,15585,6303,25268,16597,16613]f16
[15395,15377,14615,6817,6641,16343,6187,6247,17267,14207,25292,5739,5797,5433,15583,19139]f16
[5437,22199,12993,21045,7251,14945,13133,14225,7800,23965,15651,16783,13111,6133,16865,21037]f16
[24119,13015,5417,5513,5311,15979,5649,6721,16909,6737,17341,13621,7425,7333,7299,6483]f16
[6089,16441,14199,16701,13899,15335,14591,7632,5723,14601,15169,18611,19915,15367,5731,17511]f16
[18715,12929,17157,5367,16703,23429,13253,17103,7187,13231,19283,6161,15821,7797,18705,6883]f16
[23539,5871,21733,16471,14819,19913,7445,16959,19783,19817,6017,14517,20489,7615,14181,5065]f16
[17973,7307,6833,17455,6775,15977,22881,7689,15047,15773,7539,17101,15093,15111,18121,15117]f16
[6487,13665,13501,16623,6441,17293,6389,6383,18065,18041,15853,17939,24649,16259,5897,6875]f16
[14679,14837,25065,7785,7773,15189,15155,14573,13373,16529,6313,14383,15639,17377,15597,14781]f16
[13663,17043,6901,6571,7093,17265,13937,22149,18029,5631,15827,19763,16137,16107,16017,16063]f16
[16075,14713,13585,13517,6217,16379,21671,13109,12975,14811,15537,5295,20981,14337,15911,17991]f16
[5607,15795,15859,5691,12985,5869,5913,7471,6925,6919,17145,16871,16661,16535,16411,6099,14763,14725,5105,22821,19241,16067,5917,16171]f24
[Die3,Die8]
[15921,7403,14147,13315,16951,24133,16831,24005,14357,7848,25080,7683,5219,14961,5183,15761,5179,7371,15137,15313,14569,6957,5451,6423,24751,13053,25277,13103,19237,19229,6081,5879,16071,6739,14873,14447,14907,6713,6709,5999,25135,14981,5069,7581,13027,21105,16643,23959,13789,23969,21625,21645,15393,15695,7205,5771,15419,17355,17005,15875]zheng60
[21342,17730,13975,22233,17439,17479,17969,6705,7545,15265,7719,20495,16043,5915,14865,22903,6315,16997,16523,22209,14171,5137,16279,6019,18019,7893,19173,6611,15591,6051,21717,14345,7035,5391,6687,16735,23453,13287,6117,17201,16077,13753,13773,14747,16175,7782,20989,20971,7869,18081,16789,16387,16365,7668,18729,18037,7863,18111,6649,7387,16815,5109,7557,18653,21547,7253,15235,7743]zheng68
[7899,13467,15547,13489,13687,14417,13711,6859,13969,16129,7533,22867,20467,25253,19149,7851,22177,15767,15745,6387,24059,5559,16345,16685,16219,16189,20537,18131,21581,13089,19901,25123,16609,14697,14049,25110,7740,25074,7686,20501,13837,5565,17317,17271,14645,6575,22753,16775,16601,17299,16359,19767,19313,16681,25126,13735,6701,8027,19883,7155,6201,8121,14397,5907,21585,13803,5255,5527,14965,13343,5011,7015,13297,6803,15291,15279,6999,17941,7722,17953,15755,13805,23379,14267,15803,7728,15757,5577,23529,13967,7343,15523,21665,17395,15125,22839,16539,16507,25304,24593,5211,16771,13241,23479,15209,14677,5595,15425,14627,14667,17237,5633]zheng112
[7471,5869,12985,5437,18067,6927,20473,5477,13777,20387,15915,17371,5945,17259,5981,22173,5615,14931,14797,13707,7087,24049,21705,21713,6969,13895,6005,21731,20138,7920,16085,15935,17399,13481,17423,6997,6685,7053,16675,6599,25232,20507,7001,15015,7189,17387,16011,6227,6215,14283,16927,16101,5133,25101,14279,14949,6003,6399,19785,7821,16591,19779,19795,7692,21065,16641,13521,13541,15637,23983,15709,15641,5359,5257,13931,15763,14655,7449,7439,7755,15953,19757,12991,13965,22291,14219,7231,13105,17507,5175,16467,6255]zheng92
[12993,22199,21045,16621,13579,17365,14607,24087,6837,21063,5849,15139,24099,5775,13941,6751,22797,6715,5827,22831,15247,13355,16117,16173,14953,13461,7025,15743,22221,22237,13677,6065,20491,14161,19887,14151,5427,18727,15533,6489,7704,15611,20429,14275,16489,7559,6335,20367,20407,6231,18607,13019,16139,14047,6729,5671,16645,21027,15187,21011,6921,7121,21687,18934,22793,6781,14727,7251,14343,14105,21651,16633,5465,13607,6857,15691,20385,13369,14403,15409,16713,20463,6565,16793,5151,7315,6917,6855,15403,17261,17143,15417,5689,14335,5613,15431,19751,13033,19815,7055,7359,17961,15175,7305,16121,5585,14889,16749,13233,5363,20965,19919]zheng112
[24639,7329,14201,5149,14225,13133,7167,24013,17269,14695,12983,13291,17383,17379,13051,6009,6015,21121,14459,15713,14945,6839,25172,8107,7433,18553,5265,16687,7788,24573,16341,16347,18017,17169,6433,16747,16213,20461,7265,17203,19907,14987,14943,15133,5703,7103,19307,17281,25313,16049,16829,7393,18543,6551,13983,16349,21135,14073,6427,13609,13495,21023,21005,20967,20499,25208,7809,7623,13021,19745,7827,18701,7611,13821,18129,17943,17443,22193,24109,24111,15013,13963,16207,14983,21681,6903,22785,17109,14189,6763,14595,21621,18025,13571,15577,13359,17113,13713,21545,16937]zheng100
[15859,15795,5691,5913,13743,5995,16163,7467,5953,23973,14735,16015,13819,5751,18073,20349,20359,19879,19823,13011,20401,12965,20447,19217,18691,18625,7537,18561,7469,25340,18087,15161,14641,17131,22261,16691,16693,17019,5135,24635,16921,5951,24621,24627,21683,17315,17283,14433,7101,13839,15871,16455,18603,14457,17513,17485,25349,7191,17139,22327,20493,17429,6363,13915,21141,5773,22546,14793,16183,23527,16315,17931,22813,13149,17105,6289,15815,6251,21049,13599,5449,7275,13049,6305,22843,13985,13995,14011,14041,16555,6127,14107,14119,6381,25116,14333,25322,21097,19841,20443,13311,13387,21021,13601,21723,6461,16297,6869,17241,6933,15429,5549,5853,7872,13029,8101,22773,13005,12963,7878,21571,13781,20471,24105,24101,5155,19167,24081,6233,5107,5831,14385]zheng132
[13675,16157,24561,19319,5071,14519,16825,15467,6651,5277,6505,21677,15575,7153,16817,5821,16027,13857,13871,14933,22947,24352,20740,15765,22803,6309,7911,13389,14799,7509,5111,15433,5393,6535,22277,14559,23375,17359,17221,20539,23750,5803,15995,17325,5921,16093,19739,23355,13129,7199,16351,5035,7519,22943,5327,23471,15531,8095,5805,17153,16869,14033,13419,14503,13823,18593,5745,7217,6965,13927,14579,21639,14567,17489,14639,16505,13635,19321,13583,21085,16981,14261,15843,6259,5249,7647,5279,7549,5503,17519,6333,17149,13259,13235,20513,23505,15167,24019,13855,25092,15493,7680,15287,16311,14643,25202,14387,6271,19935,16537,24611,5991]zheng112
[19215,13249,23353,25328,6029,16239,5555,17027,16269,15503,6785,24753,16603,18661,6321,7561,13423,18077,21729,5541,14081,19859,16663,13237,18647,25086,18609,7409,6033,7321,15299,21057,15061,24705,16299,16295,17477,23465,15273,7395,18091,7830,21123,6607,13563,13077,13203,13205,20497,6545,24115,15355,14571,6357,7003,16991,14887,25187,16855,16605,24669,5221,13207,16761,13863,24637,17357,6961,17393,6981,5567,6733,13615,24585,14739,6967,13351,6475,25256,21635,14891,13503,16659,25214,13471,13431,13413,6273,18589,15405,18563,24641,22891,22869,7511,5675]zheng96
[15707,6329,13071,6657,6361,7063,16325,5575,17173,22203,5569,5553,21133,14905,19263,13759,13041,21119,5837,16005,19536,18733,7731,24631,8109,19201,14565,23431,25178,17077,14675,21737,13987,16133,14883,22909,16061,16003,15949,15511,14701,6471,6829,15673,16313,16715,5405,6813,6693,24673,15539,5331,25352,16889,6809,5345,6567,6757,7818,5317,15297,17301,6877,16367,5247,17247,6411,19207,7806,13817,24745,21095,13701,21605,13793,21549,20381,13161,22213,17209,22183,24045,13293,17189,13377,15115,7219,25190,14537,5993,6053,16553,14215,6783,17523,14173,17375,16177,24713,7327,15159,15237,5039,17415,14423,14989,16849,14869,13883,5067,14685,7031,23985,14791,13709,14755,7385,14605,15943,24693,15369,22805,15447,18605,7629,14621,14711,18665,24075,13147,25199,20415,15771,16839,6791,7181,16979,5261,8087,7353,14139,17363,15969,19231,8039,8049,8093,6615,24703,5655,5123,25147,19847,6697,19863,24645,25265,18699,25247,15479,6525,6987,21051,5859,21079,16055,15517,14449,13653,13679,13691,21131,14963,6779,15099,7261,25271,5959,6885,16543,14413,13925,23963,16647,13529,13473,21025,17079]zheng188
[5607,17057,16741,6891,5281,14129,6867,7389,5729,7812,21577,25238,5603,8031,6941,16473,14909,25160,16235,7201,8097,13923,7641,25062,7071,24661,5749,25144,7583,18679,18617,19799,7854,18689,7662,6605,17411,15121,6655,16823,7377,18053,18541,15443,15529,7577,7579,16381,22279,24093,6439,13955,19255,13949,8111,15835,18655,7573,16813,6623,15877,7737,22855,8099,7905,17245,7917,19911,6163,16967,13597,6513,13425,15705,15657,15327,16995,20535,5421,15685,14651,16155,6287,25095,17063,14429,7149,5403,14773,6675,18115,15001,16437,7257,14269,22757,5415,23469,13865,23459,13889,7043,15309,19885,22325,14693,5333,6157,19299,8091,19219,15471,14027,5721,7521,17345,7626,7177,17985,7383]zheng120
[21944,8127,18332,24854,6167,13113,18005,14543,6213,15319,13487,14323,21633,8103,25059,6037,16211,5709,20347,6211,24653,13043,14393,8055,6841,6183,25163,16143,19903,15069,18535,19871,15999,7397,7659,7077,18045,22815,15103,24569,15543,13835,14461,7029]f44
[13515,6731,17087,7716,8025,7287,6691,23433,6749,18681,16193,6937,15253,15397,15315,6671,16477,15383,22775,14063,6577,16765,6105,15961,18663,7839,23971,8079,15345,14003,15349,18055,8059,13289,14603,17971,7069,17515,15711,6521,7039,25241,17205,14535,8067,6507,13603,13881,13143,7037,16329,5077,5089,14785,13511,13807,19867,7527,7764,7489,7051,6323,15693,24001,17373,14759,22945,17483,22911,13723,5097,14469,5225,23387,14237,5681,13083,13845,5743,5817,20515,6199,16791,6881,5479,6603,19285,16547,16905,6459,7367,21555,7866,25138,0,7357,18103,6171,14841,13731,7453,6549,20527,15515,6025,5997,24117,20941,21689,21715,14019,22265,14475,6319,16439,16391,24709,12981,12977,22817,13003,14993,15701,17213,20373,16377,5517,5361,24091,5475,5487,15647,15271,24067,5029,21579,24599,5529,5499,15029,17151,21053,13973,6107,24743,14623,7565,6795,14195,18731,17389,18703]f152
[13637,15387,13673,16587,17529,10528,19335,22345,13365,13611,15205,15331,5753,6359,5227,15801,24607,15521,15507,15629,16375,5201,16637,18021,17181,7283,7531,14745,18083,22311,20969,14319,22897,22771,24037,14401,20525,20403,17437,6397,16479,18621,19269,19185,6143,22243,17017,21739,17025,15631,24715,14239,5081,22787,5807,6139,16113,17441,6991,17525,21567,13867,13875,21589,13901,13907,13935,13779,14083,14155,14167,14169,14187,22789,22825,22865,13353,7169,7585,7665,14867,15065,15143,15165,5103,16863,15389,5813]f88
[14017,7223,17137,17447,21073,22939,22921,13695,16627,15227,13577,13555,8085,16585,5547,6449,15195,5129,19873,24741,19295,5833,5835,16243,21569,15731,7211,15963,13981,17935,24085,14001,19843,22255,24057,7123,7271,6419,13301,15363,13199,19895,6457,16501,25156,7635,25083,7638,22235,17069,7833,16209,7473,17219,5779,20979,16581,23501,15379,14183,5863,8119,25141,24747,6137,17075,14877,6897,14505,6145,23537,6091,25071,17039,14955,24733,13605,16073,22841,19819,5571,7483,3,7497,13783,14845,20533,15483,16099,16109,7339,7493,7125,6959,21083,21561,20995,25301,25150,15729,14427,19197,16513,23467,14737,5371,15505,14875,5375,6453,14895,7117,6871,6083,15211,13943,13533,14467,6063,7455,13069,18583,23389,18649,18717,13271,16515,23461,6339,13013,15365,13101,23491,19261,5445,13959,13721,16339,13751,15221,20959,23999,5957,24039,21685,24089,15837,7365,7465,5979,7067,6723,6647,16805,15959,6057,15059,15021,5925,14849,16615,16961,16935,16913,15727,22185,16091,6745,16197,21691,14249,14389,5857,14023,6501,23419]f176
[23549,6,24151,6895,23407,13183,21615,17947,23148,6951,6119,14839,23445,18675,7373,7057,22305,6821,17023,13155,7417,15937,7613,18537,18043,17125,21601,6825,24137,16947,6747,8117,14131,5683,16847,15109,7345,13613,22929,19927,13559,7770,13623,14351,19793,24697,19323,14425,16317,23533,23521,14373,23455,6193,16845,17255,16573,16383,22807,13209,25120,7674,25175,7656,5695,5717,25331,7677,24125,24613,14613,7620,15971,5875,16881,15605,5985,22281,21663,6689,15603,14371,15323,18575,21727,14021,16205,17257,15775,14415,14057,13831,5975,16149,22191,6123,13703,15461,7607,17349,17195,21657,13435,24667,24073,21047,15555,15825,16739,16047,15819,6337,15939,17937,22315,16821,18641,5611,7884,5609,18627,16041,18615,6707,25356,6497,5573,16655]f128
[14733,5793,16665,18711,13671,5397,6101,17975,25250,20991,21115,17179,23961,6493,21743,19937,5699,6013,16229,13099,22833,16287,13945,13157,16493,20345,15415,5537,7890,25235,7794,7698,6815,13243,7710,21089,14005,16841,5643,22341,16255,22889,21617,7227,14971,5977,14071,14935,16195,7671,7803,5461,15573,14175,16893,25184,15593,22151,20505,21043,24729,22819,5207,15055,13999,5351,13961,12973,16971,25337,18677,15905,13223,18645,18595,14241,6055,19135,17115,16271,5877,19169,16941,16035,5253,15643,19223,20985,21007,5561,23535,22215,16723,6537,15983,7749,5621,15599,6405,13741,25166,5435,14597,5887,16413,8063,5937,6799,5365,17049,18721,15347,25229,17197,17469,13363,17227,16993,18695,18567,6907,6035,25262,16949,5101,14885,5911,14539,13485,5491,14125,15725,6963,14115,5369,16737,14805,13497,7369,18565,13747,6331,13479,23515,24659,14489,13329,23395]f148
[7379,7419,7824,16407,14077,16105,6769,16203,7908,16335,19157,24615,5965,14281,5543,15333,15285,14765,21699,13913,14479,14911,13619,14483,14233,19315,17403,15671,16557,16559,15733,23957,13543,18599,7009,13587,15325,13879,23437,5343,25113,24727,25107,14587,14893,13261,20977,16321,19289,13809,5193,5195,16233,17987,22935,15499,18709,7171,18009,7587,22339,13169,13179,6555,13215,25196,7644,7503,17509,6149,15491,14767,25169,5395,15057,16753,15097,14327,5707,7195,19925,6173,5057,5053,6913,20475,13661,17089,20437,20519,13911,13763,6977,5485,5043,5041,5471,7323,6703,22205,19737,17505,19747,13439]f104
[15967,13649,20377,13001,13055,15277,6177,22239,7059,22913,18015,24731,14411,7247,14419,7249,6115,16803,5337,13797,15923,23967,7165,19305,6759,7119,6325,15289,22309,13159,5411,7499,23495,13171,5893,13307,22755,22781,5423,5605,7776,5215,13441,16435,14817,13567,14091,19775,14093,17015,22871,13589,15339,16419,6219,7091,22297,14149,18639,7375,25244,24113,17001,24595,14307,16169,17029,5829,14363,14547,6169,22861,16097,22847,18573,13395,13391,15841,19287,7141,15975,19171,6353,18651,14757,16673,13201,14769,15391,17327,16549,16551,5237,14795,13139,13127,18035,5245,7896,15027,15703,12959,15719,12931,13729,6653,5063,16809,13853,21127,13815,20529,17481,15219,17499,5735,17231,15889,13625,16389,16743,16567,14843,13095]f124
[14847,7887,12961,18011,23991,7193,16833,6443,14273,18619,17279,16541,16485,6263,17313,5941,13067,14361,13277,14353,6983,25223,25343,16843,20511,15249,17277,7019,16355,12947,13187,7309,6953,6971,6761,7233,17517,17459,6805,16989,20955,23977,23981,23989,7902,13009,18099,19147,19209,7145,19279,13375,13407,19811,19813,19849,19893,13593,20355,20369,13719,6627,5583,15413,6663,16689,16695,24681,5025,16261,14633,5755,6153,24643,16727,15361,16755,5143,6409,6445,5873,16891,15607,15473,16649,6479,15581,16911,23531,13313,15353,13349,25325,16497,5535,6299,6297,13433,16469,13491,19851,12957,6407,13569,13063,13107,16563,18539,13229,16545,20487,6395,24135,14529,22145,13989,22153,22163,22241,5463,14065,22247,14095,14109,15261,14165,24721,14185,14247,14255,20351,22801,22811,14341,22837,15569,24575,7734,13771,20371,20427,16353,15303,13659,6175,20483,13689,16079,19921,16333,5031,15251,21599,13887,21643,21661,15879,16037,17263,7097,16885,5989,7443,5669,16975,7501,16707,15809,7567,5629,16699,5961,7725,15933,17121,6077,17421,6935,15987,6985,7423,6601,15917,7313,16859,15913,6431,16867,7335,6593,15885,5919,23951,22147,13977,6673,25089,22207,6595,14851]f200
